# JRE version: OpenJDK Runtime Environment Temurin-21.0.8+9 (21.0.8+9) (build 21.0.8+9-LTS)
# Java VM: OpenJDK 64-Bit Server VM Temurin-21.0.8+9 (21.0.8+9-LTS, mixed mode, sharing, tiered, compressed oops, compressed class ptrs, parallel gc, windows-amd64)
GC Precious Log:
 CardTable entry size: 512
 CPUs: 8 total, 8 available
 Memory: 7995M
 Large Page Support: Disabled
 NUMA Support: Disabled
 Compressed Oops: Enabled (32-bit)
 Alignments: Space 512K, Generation 512K, Heap 2M
 Heap Min Capacity: 100M
 Heap Initial Capacity: 100M
 Heap Max Capacity: 2G
 Pre-touch: Disabled
 Parallel Workers: 8
Heap:
 PSYoungGen      total 3072K, used 1648K [0x00000000d5580000, 0x00000000d5c00000, 0x0000000100000000)
  eden space 2560K, 49% used [0x00000000d5580000,0x00000000d56bc340,0x00000000d5800000)
  from space 512K, 75% used [0x00000000d5b80000,0x00000000d5be0020,0x00000000d5c00000)
  to   space 512K, 0% used [0x00000000d5b00000,0x00000000d5b00000,0x00000000d5b80000)
 ParOldGen       total 465920K, used 465539K [0x0000000080000000, 0x000000009c700000, 0x00000000d5580000)
  object space 465920K, 99% used [0x0000000080000000,0x000000009c6a0e20,0x000000009c700000)
 Metaspace       used 83995K, committed 85632K, reserved 1179648K
  class space    used 10071K, committed 10816K, reserved 1048576K
GC Heap History (20 events):
Event: 127204.291 GC heap before
{Heap before GC invocations=2724 (full 3):
 PSYoungGen      total 3072K, used 2768K [0x00000000d5580000, 0x00000000d5c00000, 0x0000000100000000)
  eden space 2560K, 100% used [0x00000000d5580000,0x00000000d5800000,0x00000000d5800000)
  from space 512K, 40% used [0x00000000d5b80000,0x00000000d5bb4010,0x00000000d5c00000)
  to   space 512K, 0% used [0x00000000d5800000,0x00000000d5800000,0x00000000d5880000)
 ParOldGen       total 465920K, used 465523K [0x0000000080000000, 0x000000009c700000, 0x00000000d5580000)
  object space 465920K, 99% used [0x0000000080000000,0x000000009c69ce20,0x000000009c700000)
 Metaspace       used 83988K, committed 85632K, reserved 1179648K
  class space    used 10071K, committed 10816K, reserved 1048576K
}
Event: 127204.386 GC heap after
{Heap after GC invocations=2724 (full 3):
 PSYoungGen      total 3072K, used 160K [0x00000000d5580000, 0x00000000d5c00000, 0x0000000100000000)
  eden space 2560K, 0% used [0x00000000d5580000,0x00000000d5580000,0x00000000d5800000)
  from space 512K, 31% used [0x00000000d5800000,0x00000000d5828000,0x00000000d5880000)
  to   space 512K, 0% used [0x00000000d5b80000,0x00000000d5b80000,0x00000000d5c00000)
 ParOldGen       total 465920K, used 465523K [0x0000000080000000, 0x000000009c700000, 0x00000000d5580000)
  object space 465920K, 99% used [0x0000000080000000,0x000000009c69ce20,0x000000009c700000)
 Metaspace       used 83988K, committed 85632K, reserved 1179648K
  class space    used 10071K, committed 10816K, reserved 1048576K
}
Event: 162115.721 GC heap before
{Heap before GC invocations=2725 (full 3):
 PSYoungGen      total 3072K, used 2712K [0x00000000d5580000, 0x00000000d5c00000, 0x0000000100000000)
  eden space 2560K, 99% used [0x00000000d5580000,0x00000000d57fe380,0x00000000d5800000)
  from space 512K, 31% used [0x00000000d5800000,0x00000000d5828000,0x00000000d5880000)
  to   space 512K, 0% used [0x00000000d5b80000,0x00000000d5b80000,0x00000000d5c00000)
 ParOldGen       total 465920K, used 465523K [0x0000000080000000, 0x000000009c700000, 0x00000000d5580000)
  object space 465920K, 99% used [0x0000000080000000,0x000000009c69ce20,0x000000009c700000)
 Metaspace       used 83990K, committed 85632K, reserved 1179648K
  class space    used 10071K, committed 10816K, reserved 1048576K
}
Event: 162115.893 GC heap after
{Heap after GC invocations=2725 (full 3):
 PSYoungGen      total 3072K, used 192K [0x00000000d5580000, 0x00000000d5c00000, 0x0000000100000000)
  eden space 2560K, 0% used [0x00000000d5580000,0x00000000d5580000,0x00000000d5800000)
  from space 512K, 37% used [0x00000000d5b80000,0x00000000d5bb0000,0x00000000d5c00000)
  to   space 512K, 0% used [0x00000000d5800000,0x00000000d5800000,0x00000000d5880000)
 ParOldGen       total 465920K, used 465523K [0x0000000080000000, 0x000000009c700000, 0x00000000d5580000)
  object space 465920K, 99% used [0x0000000080000000,0x000000009c69ce20,0x000000009c700000)
 Metaspace       used 83990K, committed 85632K, reserved 1179648K
  class space    used 10071K, committed 10816K, reserved 1048576K
}
Event: 168416.330 GC heap before
{Heap before GC invocations=2726 (full 3):
 PSYoungGen      total 3072K, used 2752K [0x00000000d5580000, 0x00000000d5c00000, 0x0000000100000000)
  eden space 2560K, 100% used [0x00000000d5580000,0x00000000d5800000,0x00000000d5800000)
  from space 512K, 37% used [0x00000000d5b80000,0x00000000d5bb0000,0x00000000d5c00000)
  to   space 512K, 0% used [0x00000000d5800000,0x00000000d5800000,0x00000000d5880000)
 ParOldGen       total 465920K, used 465523K [0x0000000080000000, 0x000000009c700000, 0x00000000d5580000)
  object space 465920K, 99% used [0x0000000080000000,0x000000009c69ce20,0x000000009c700000)
 Metaspace       used 83990K, committed 85632K, reserved 1179648K
  class space    used 10071K, committed 10816K, reserved 1048576K
}
Event: 168416.448 GC heap after
{Heap after GC invocations=2726 (full 3):
 PSYoungGen      total 3072K, used 128K [0x00000000d5580000, 0x00000000d5c00000, 0x0000000100000000)
  eden space 2560K, 0% used [0x00000000d5580000,0x00000000d5580000,0x00000000d5800000)
  from space 512K, 25% used [0x00000000d5800000,0x00000000d5820000,0x00000000d5880000)
  to   space 512K, 0% used [0x00000000d5b80000,0x00000000d5b80000,0x00000000d5c00000)
 ParOldGen       total 465920K, used 465523K [0x0000000080000000, 0x000000009c700000, 0x00000000d5580000)
  object space 465920K, 99% used [0x0000000080000000,0x000000009c69ce20,0x000000009c700000)
 Metaspace       used 83990K, committed 85632K, reserved 1179648K
  class space    used 10071K, committed 10816K, reserved 1048576K
}
Event: 174716.728 GC heap before
{Heap before GC invocations=2727 (full 3):
 PSYoungGen      total 3072K, used 2688K [0x00000000d5580000, 0x00000000d5c00000, 0x0000000100000000)
  eden space 2560K, 100% used [0x00000000d5580000,0x00000000d5800000,0x00000000d5800000)
  from space 512K, 25% used [0x00000000d5800000,0x00000000d5820000,0x00000000d5880000)
  to   space 512K, 0% used [0x00000000d5b80000,0x00000000d5b80000,0x00000000d5c00000)
 ParOldGen       total 465920K, used 465523K [0x0000000080000000, 0x000000009c700000, 0x00000000d5580000)
  object space 465920K, 99% used [0x0000000080000000,0x000000009c69ce20,0x000000009c700000)
 Metaspace       used 83990K, committed 85632K, reserved 1179648K
  class space    used 10071K, committed 10816K, reserved 1048576K
}
Event: 174716.760 GC heap after
{Heap after GC invocations=2727 (full 3):
 PSYoungGen      total 3072K, used 160K [0x00000000d5580000, 0x00000000d5c00000, 0x0000000100000000)
  eden space 2560K, 0% used [0x00000000d5580000,0x00000000d5580000,0x00000000d5800000)
  from space 512K, 31% used [0x00000000d5b80000,0x00000000d5ba8000,0x00000000d5c00000)
  to   space 512K, 0% used [0x00000000d5800000,0x00000000d5800000,0x00000000d5880000)
 ParOldGen       total 465920K, used 465523K [0x0000000080000000, 0x000000009c700000, 0x00000000d5580000)
  object space 465920K, 99% used [0x0000000080000000,0x000000009c69ce20,0x000000009c700000)
 Metaspace       used 83990K, committed 85632K, reserved 1179648K
  class space    used 10071K, committed 10816K, reserved 1048576K
}
Event: 184622.923 GC heap before
{Heap before GC invocations=2728 (full 3):
 PSYoungGen      total 3072K, used 2720K [0x00000000d5580000, 0x00000000d5c00000, 0x0000000100000000)
  eden space 2560K, 100% used [0x00000000d5580000,0x00000000d5800000,0x00000000d5800000)
  from space 512K, 31% used [0x00000000d5b80000,0x00000000d5ba8000,0x00000000d5c00000)
  to   space 512K, 0% used [0x00000000d5800000,0x00000000d5800000,0x00000000d5880000)
 ParOldGen       total 465920K, used 465523K [0x0000000080000000, 0x000000009c700000, 0x00000000d5580000)
  object space 465920K, 99% used [0x0000000080000000,0x000000009c69ce20,0x000000009c700000)
 Metaspace       used 83990K, committed 85632K, reserved 1179648K
  class space    used 10071K, committed 10816K, reserved 1048576K
}
Event: 184623.026 GC heap after
{Heap after GC invocations=2728 (full 3):
 PSYoungGen      total 3072K, used 128K [0x00000000d5580000, 0x00000000d5c00000, 0x0000000100000000)
  eden space 2560K, 0% used [0x00000000d5580000,0x00000000d5580000,0x00000000d5800000)
  from space 512K, 25% used [0x00000000d5800000,0x00000000d5820000,0x00000000d5880000)
  to   space 512K, 0% used [0x00000000d5b80000,0x00000000d5b80000,0x00000000d5c00000)
 ParOldGen       total 465920K, used 465531K [0x0000000080000000, 0x000000009c700000, 0x00000000d5580000)
  object space 465920K, 99% used [0x0000000080000000,0x000000009c69ee20,0x000000009c700000)
 Metaspace       used 83990K, committed 85632K, reserved 1179648K
  class space    used 10071K, committed 10816K, reserved 1048576K
}
Event: 190023.489 GC heap before
{Heap before GC invocations=2729 (full 3):
 PSYoungGen      total 3072K, used 2688K [0x00000000d5580000, 0x00000000d5c00000, 0x0000000100000000)
  eden space 2560K, 100% used [0x00000000d5580000,0x00000000d5800000,0x00000000d5800000)
  from space 512K, 25% used [0x00000000d5800000,0x00000000d5820000,0x00000000d5880000)
  to   space 512K, 0% used [0x00000000d5b80000,0x00000000d5b80000,0x00000000d5c00000)
 ParOldGen       total 465920K, used 465531K [0x0000000080000000, 0x000000009c700000, 0x00000000d5580000)
  object space 465920K, 99% used [0x0000000080000000,0x000000009c69ee20,0x000000009c700000)
 Metaspace       used 83990K, committed 85632K, reserved 1179648K
  class space    used 10071K, committed 10816K, reserved 1048576K
}
Event: 190023.616 GC heap after
{Heap after GC invocations=2729 (full 3):
 PSYoungGen      total 3072K, used 480K [0x00000000d5580000, 0x00000000d5c00000, 0x0000000100000000)
  eden space 2560K, 0% used [0x00000000d5580000,0x00000000d5580000,0x00000000d5800000)
  from space 512K, 93% used [0x00000000d5b80000,0x00000000d5bf8020,0x00000000d5c00000)
  to   space 1024K, 0% used [0x00000000d5a00000,0x00000000d5a00000,0x00000000d5b00000)
 ParOldGen       total 465920K, used 465539K [0x0000000080000000, 0x000000009c700000, 0x00000000d5580000)
  object space 465920K, 99% used [0x0000000080000000,0x000000009c6a0e20,0x000000009c700000)
 Metaspace       used 83990K, committed 85632K, reserved 1179648K
  class space    used 10071K, committed 10816K, reserved 1048576K
}
Event: 202801.493 GC heap before
{Heap before GC invocations=2730 (full 3):
 PSYoungGen      total 3072K, used 3040K [0x00000000d5580000, 0x00000000d5c00000, 0x0000000100000000)
  eden space 2560K, 100% used [0x00000000d5580000,0x00000000d5800000,0x00000000d5800000)
  from space 512K, 93% used [0x00000000d5b80000,0x00000000d5bf8020,0x00000000d5c00000)
  to   space 1024K, 0% used [0x00000000d5a00000,0x00000000d5a00000,0x00000000d5b00000)
 ParOldGen       total 465920K, used 465539K [0x0000000080000000, 0x000000009c700000, 0x00000000d5580000)
  object space 465920K, 99% used [0x0000000080000000,0x000000009c6a0e20,0x000000009c700000)
 Metaspace       used 83991K, committed 85632K, reserved 1179648K
  class space    used 10071K, committed 10816K, reserved 1048576K
}
Event: 202801.609 GC heap after
{Heap after GC invocations=2730 (full 3):
 PSYoungGen      total 3584K, used 480K [0x00000000d5580000, 0x00000000d5c00000, 0x0000000100000000)
  eden space 2560K, 0% used [0x00000000d5580000,0x00000000d5580000,0x00000000d5800000)
  from space 1024K, 46% used [0x00000000d5a00000,0x00000000d5a78020,0x00000000d5b00000)
  to   space 512K, 0% used [0x00000000d5b80000,0x00000000d5b80000,0x00000000d5c00000)
 ParOldGen       total 465920K, used 465539K [0x0000000080000000, 0x000000009c700000, 0x00000000d5580000)
  object space 465920K, 99% used [0x0000000080000000,0x000000009c6a0e20,0x000000009c700000)
 Metaspace       used 83991K, committed 85632K, reserved 1179648K
  class space    used 10071K, committed 10816K, reserved 1048576K
}
Event: 209101.830 GC heap before
{Heap before GC invocations=2731 (full 3):
 PSYoungGen      total 3584K, used 2995K [0x00000000d5580000, 0x00000000d5c00000, 0x0000000100000000)
  eden space 2560K, 98% used [0x00000000d5580000,0x00000000d57f4e38,0x00000000d5800000)
  from space 1024K, 46% used [0x00000000d5a00000,0x00000000d5a78020,0x00000000d5b00000)
  to   space 512K, 0% used [0x00000000d5b80000,0x00000000d5b80000,0x00000000d5c00000)
 ParOldGen       total 465920K, used 465539K [0x0000000080000000, 0x000000009c700000, 0x00000000d5580000)
  object space 465920K, 99% used [0x0000000080000000,0x000000009c6a0e20,0x000000009c700000)
 Metaspace       used 83995K, committed 85632K, reserved 1179648K
  class space    used 10071K, committed 10816K, reserved 1048576K
}
Event: 209101.846 GC heap after
{Heap after GC invocations=2731 (full 3):
 PSYoungGen      total 3072K, used 416K [0x00000000d5580000, 0x00000000d5c00000, 0x0000000100000000)
  eden space 2560K, 0% used [0x00000000d5580000,0x00000000d5580000,0x00000000d5800000)
  from space 512K, 81% used [0x00000000d5b80000,0x00000000d5be8020,0x00000000d5c00000)
  to   space 512K, 0% used [0x00000000d5b00000,0x00000000d5b00000,0x00000000d5b80000)
 ParOldGen       total 465920K, used 465539K [0x0000000080000000, 0x000000009c700000, 0x00000000d5580000)
  object space 465920K, 99% used [0x0000000080000000,0x000000009c6a0e20,0x000000009c700000)
 Metaspace       used 83995K, committed 85632K, reserved 1179648K
  class space    used 10071K, committed 10816K, reserved 1048576K
}
Event: 215402.344 GC heap before
{Heap before GC invocations=2732 (full 3):
 PSYoungGen      total 3072K, used 2976K [0x00000000d5580000, 0x00000000d5c00000, 0x0000000100000000)
  eden space 2560K, 100% used [0x00000000d5580000,0x00000000d5800000,0x00000000d5800000)
  from space 512K, 81% used [0x00000000d5b80000,0x00000000d5be8020,0x00000000d5c00000)
  to   space 512K, 0% used [0x00000000d5b00000,0x00000000d5b00000,0x00000000d5b80000)
 ParOldGen       total 465920K, used 465539K [0x0000000080000000, 0x000000009c700000, 0x00000000d5580000)
  object space 465920K, 99% used [0x0000000080000000,0x000000009c6a0e20,0x000000009c700000)
 Metaspace       used 83995K, committed 85632K, reserved 1179648K
  class space    used 10071K, committed 10816K, reserved 1048576K
}
Event: 215402.443 GC heap after
{Heap after GC invocations=2732 (full 3):
 PSYoungGen      total 3072K, used 384K [0x00000000d5580000, 0x00000000d5c00000, 0x0000000100000000)
  eden space 2560K, 0% used [0x00000000d5580000,0x00000000d5580000,0x00000000d5800000)
  from space 512K, 75% used [0x00000000d5b00000,0x00000000d5b60020,0x00000000d5b80000)
  to   space 512K, 0% used [0x00000000d5b80000,0x00000000d5b80000,0x00000000d5c00000)
 ParOldGen       total 465920K, used 465539K [0x0000000080000000, 0x000000009c700000, 0x00000000d5580000)
  object space 465920K, 99% used [0x0000000080000000,0x000000009c6a0e20,0x000000009c700000)
 Metaspace       used 83995K, committed 85632K, reserved 1179648K
  class space    used 10071K, committed 10816K, reserved 1048576K
}
Event: 228541.867 GC heap before
{Heap before GC invocations=2733 (full 3):
 PSYoungGen      total 3072K, used 2944K [0x00000000d5580000, 0x00000000d5c00000, 0x0000000100000000)
  eden space 2560K, 100% used [0x00000000d5580000,0x00000000d5800000,0x00000000d5800000)
  from space 512K, 75% used [0x00000000d5b00000,0x00000000d5b60020,0x00000000d5b80000)
  to   space 512K, 0% used [0x00000000d5b80000,0x00000000d5b80000,0x00000000d5c00000)
 ParOldGen       total 465920K, used 465539K [0x0000000080000000, 0x000000009c700000, 0x00000000d5580000)
  object space 465920K, 99% used [0x0000000080000000,0x000000009c6a0e20,0x000000009c700000)
 Metaspace       used 83995K, committed 85632K, reserved 1179648K
  class space    used 10071K, committed 10816K, reserved 1048576K
}
Event: 228541.964 GC heap after
{Heap after GC invocations=2733 (full 3):
 PSYoungGen      total 3072K, used 384K [0x00000000d5580000, 0x00000000d5c00000, 0x0000000100000000)
  eden space 2560K, 0% used [0x00000000d5580000,0x00000000d5580000,0x00000000d5800000)
  from space 512K, 75% used [0x00000000d5b80000,0x00000000d5be0020,0x00000000d5c00000)
  to   space 512K, 0% used [0x00000000d5b00000,0x00000000d5b00000,0x00000000d5b80000)
 ParOldGen       total 465920K, used 465539K [0x0000000080000000, 0x000000009c700000, 0x00000000d5580000)
  object space 465920K, 99% used [0x0000000080000000,0x000000009c6a0e20,0x000000009c700000)
 Metaspace       used 83995K, committed 85632K, reserved 1179648K
  class space    used 10071K, committed 10816K, reserved 1048576K
}

