# JRE version: OpenJDK Runtime Environment Temurin-21.0.8+9 (21.0.8+9) (build 21.0.8+9-LTS)
# Java VM: OpenJDK 64-Bit Server VM Temurin-21.0.8+9 (21.0.8+9-LTS, mixed mode, sharing, tiered, compressed oops, compressed class ptrs, parallel gc, windows-amd64)
GC Precious Log:
 CardTable entry size: 512
 CPUs: 8 total, 8 available
 Memory: 7995M
 Large Page Support: Disabled
 NUMA Support: Disabled
 Compressed Oops: Enabled (32-bit)
 Alignments: Space 512K, Generation 512K, Heap 2M
 Heap Min Capacity: 100M
 Heap Initial Capacity: 100M
 Heap Max Capacity: 2G
 Pre-touch: Disabled
 Parallel Workers: 8
Heap:
 PSYoungGen      total 4608K, used 2602K [0x00000000d5580000, 0x00000000d5b80000, 0x0000000100000000)
  eden space 4096K, 56% used [0x00000000d5580000,0x00000000d57c2a18,0x00000000d5980000)
  from space 512K, 56% used [0x00000000d5b00000,0x00000000d5b48020,0x00000000d5b80000)
  to   space 512K, 0% used [0x00000000d5a80000,0x00000000d5a80000,0x00000000d5b00000)
 ParOldGen       total 86016K, used 85527K [0x0000000080000000, 0x0000000085400000, 0x00000000d5580000)
  object space 86016K, 99% used [0x0000000080000000,0x0000000085385fd8,0x0000000085400000)
 Metaspace       used 52855K, committed 54080K, reserved 1114112K
  class space    used 6053K, committed 6592K, reserved 1048576K
GC Heap History (20 events):
Event: 21.791 GC heap before
{Heap before GC invocations=88 (full 2):
 PSYoungGen      total 4096K, used 3808K [0x00000000d5580000, 0x00000000d5c80000, 0x0000000100000000)
  eden space 3584K, 100% used [0x00000000d5580000,0x00000000d5900000,0x00000000d5900000)
  from space 512K, 43% used [0x00000000d5980000,0x00000000d59b8000,0x00000000d5a00000)
  to   space 512K, 0% used [0x00000000d5c00000,0x00000000d5c00000,0x00000000d5c80000)
 ParOldGen       total 80384K, used 80195K [0x0000000080000000, 0x0000000084e80000, 0x00000000d5580000)
  object space 80384K, 99% used [0x0000000080000000,0x0000000084e50e98,0x0000000084e80000)
 Metaspace       used 51575K, committed 52736K, reserved 1114112K
  class space    used 5806K, committed 6336K, reserved 1048576K
}
Event: 21.792 GC heap after
{Heap after GC invocations=88 (full 2):
 PSYoungGen      total 4096K, used 256K [0x00000000d5580000, 0x00000000d5c80000, 0x0000000100000000)
  eden space 3584K, 0% used [0x00000000d5580000,0x00000000d5580000,0x00000000d5900000)
  from space 512K, 50% used [0x00000000d5c00000,0x00000000d5c40000,0x00000000d5c80000)
  to   space 512K, 0% used [0x00000000d5980000,0x00000000d5980000,0x00000000d5a00000)
 ParOldGen       total 80384K, used 80347K [0x0000000080000000, 0x0000000084e80000, 0x00000000d5580000)
  object space 80384K, 99% used [0x0000000080000000,0x0000000084e76e98,0x0000000084e80000)
 Metaspace       used 51575K, committed 52736K, reserved 1114112K
  class space    used 5806K, committed 6336K, reserved 1048576K
}
Event: 21.808 GC heap before
{Heap before GC invocations=89 (full 2):
 PSYoungGen      total 4096K, used 3840K [0x00000000d5580000, 0x00000000d5c80000, 0x0000000100000000)
  eden space 3584K, 100% used [0x00000000d5580000,0x00000000d5900000,0x00000000d5900000)
  from space 512K, 50% used [0x00000000d5c00000,0x00000000d5c40000,0x00000000d5c80000)
  to   space 512K, 0% used [0x00000000d5980000,0x00000000d5980000,0x00000000d5a00000)
 ParOldGen       total 80384K, used 80347K [0x0000000080000000, 0x0000000084e80000, 0x00000000d5580000)
  object space 80384K, 99% used [0x0000000080000000,0x0000000084e76e98,0x0000000084e80000)
 Metaspace       used 51575K, committed 52736K, reserved 1114112K
  class space    used 5806K, committed 6336K, reserved 1048576K
}
Event: 21.809 GC heap after
{Heap after GC invocations=89 (full 2):
 PSYoungGen      total 4096K, used 256K [0x00000000d5580000, 0x00000000d5c80000, 0x0000000100000000)
  eden space 3584K, 0% used [0x00000000d5580000,0x00000000d5580000,0x00000000d5900000)
  from space 512K, 50% used [0x00000000d5980000,0x00000000d59c0000,0x00000000d5a00000)
  to   space 512K, 0% used [0x00000000d5c00000,0x00000000d5c00000,0x00000000d5c80000)
 ParOldGen       total 80896K, used 80467K [0x0000000080000000, 0x0000000084f00000, 0x00000000d5580000)
  object space 80896K, 99% used [0x0000000080000000,0x0000000084e94e98,0x0000000084f00000)
 Metaspace       used 51575K, committed 52736K, reserved 1114112K
  class space    used 5806K, committed 6336K, reserved 1048576K
}
Event: 21.841 GC heap before
{Heap before GC invocations=90 (full 2):
 PSYoungGen      total 4096K, used 3840K [0x00000000d5580000, 0x00000000d5c80000, 0x0000000100000000)
  eden space 3584K, 100% used [0x00000000d5580000,0x00000000d5900000,0x00000000d5900000)
  from space 512K, 50% used [0x00000000d5980000,0x00000000d59c0000,0x00000000d5a00000)
  to   space 512K, 0% used [0x00000000d5c00000,0x00000000d5c00000,0x00000000d5c80000)
 ParOldGen       total 80896K, used 80467K [0x0000000080000000, 0x0000000084f00000, 0x00000000d5580000)
  object space 80896K, 99% used [0x0000000080000000,0x0000000084e94e98,0x0000000084f00000)
 Metaspace       used 51575K, committed 52736K, reserved 1114112K
  class space    used 5806K, committed 6336K, reserved 1048576K
}
Event: 21.842 GC heap after
{Heap after GC invocations=90 (full 2):
 PSYoungGen      total 4096K, used 256K [0x00000000d5580000, 0x00000000d5c80000, 0x0000000100000000)
  eden space 3584K, 0% used [0x00000000d5580000,0x00000000d5580000,0x00000000d5900000)
  from space 512K, 50% used [0x00000000d5c00000,0x00000000d5c40000,0x00000000d5c80000)
  to   space 512K, 0% used [0x00000000d5980000,0x00000000d5980000,0x00000000d5a00000)
 ParOldGen       total 80896K, used 80547K [0x0000000080000000, 0x0000000084f00000, 0x00000000d5580000)
  object space 80896K, 99% used [0x0000000080000000,0x0000000084ea8e98,0x0000000084f00000)
 Metaspace       used 51575K, committed 52736K, reserved 1114112K
  class space    used 5806K, committed 6336K, reserved 1048576K
}
Event: 21.864 GC heap before
{Heap before GC invocations=91 (full 2):
 PSYoungGen      total 4096K, used 3108K [0x00000000d5580000, 0x00000000d5c80000, 0x0000000100000000)
  eden space 3584K, 79% used [0x00000000d5580000,0x00000000d5849280,0x00000000d5900000)
  from space 512K, 50% used [0x00000000d5c00000,0x00000000d5c40000,0x00000000d5c80000)
  to   space 512K, 0% used [0x00000000d5980000,0x00000000d5980000,0x00000000d5a00000)
 ParOldGen       total 80896K, used 80547K [0x0000000080000000, 0x0000000084f00000, 0x00000000d5580000)
  object space 80896K, 99% used [0x0000000080000000,0x0000000084ea8e98,0x0000000084f00000)
 Metaspace       used 51576K, committed 52736K, reserved 1114112K
  class space    used 5806K, committed 6336K, reserved 1048576K
}
Event: 21.864 GC heap after
{Heap after GC invocations=91 (full 2):
 PSYoungGen      total 4096K, used 504K [0x00000000d5580000, 0x00000000d5d00000, 0x0000000100000000)
  eden space 3584K, 0% used [0x00000000d5580000,0x00000000d5580000,0x00000000d5900000)
  from space 512K, 98% used [0x00000000d5980000,0x00000000d59fe208,0x00000000d5a00000)
  to   space 2048K, 0% used [0x00000000d5b00000,0x00000000d5b00000,0x00000000d5d00000)
 ParOldGen       total 81920K, used 81824K [0x0000000080000000, 0x0000000085000000, 0x00000000d5580000)
  object space 81920K, 99% used [0x0000000080000000,0x0000000084fe8058,0x0000000085000000)
 Metaspace       used 51576K, committed 52736K, reserved 1114112K
  class space    used 5806K, committed 6336K, reserved 1048576K
}
Event: 21.936 GC heap before
{Heap before GC invocations=92 (full 2):
 PSYoungGen      total 4096K, used 4032K [0x00000000d5580000, 0x00000000d5d00000, 0x0000000100000000)
  eden space 3584K, 98% used [0x00000000d5580000,0x00000000d58f2128,0x00000000d5900000)
  from space 512K, 98% used [0x00000000d5980000,0x00000000d59fe208,0x00000000d5a00000)
  to   space 2048K, 0% used [0x00000000d5b00000,0x00000000d5b00000,0x00000000d5d00000)
 ParOldGen       total 81920K, used 81824K [0x0000000080000000, 0x0000000085000000, 0x00000000d5580000)
  object space 81920K, 99% used [0x0000000080000000,0x0000000084fe8058,0x0000000085000000)
 Metaspace       used 51581K, committed 52736K, reserved 1114112K
  class space    used 5806K, committed 6336K, reserved 1048576K
}
Event: 21.937 GC heap after
{Heap after GC invocations=92 (full 2):
 PSYoungGen      total 5120K, used 2018K [0x00000000d5580000, 0x00000000d5e00000, 0x0000000100000000)
  eden space 3072K, 0% used [0x00000000d5580000,0x00000000d5580000,0x00000000d5880000)
  from space 2048K, 98% used [0x00000000d5b00000,0x00000000d5cf8a40,0x00000000d5d00000)
  to   space 2560K, 0% used [0x00000000d5880000,0x00000000d5880000,0x00000000d5b00000)
 ParOldGen       total 82432K, used 82035K [0x0000000080000000, 0x0000000085080000, 0x00000000d5580000)
  object space 82432K, 99% used [0x0000000080000000,0x000000008501cdf0,0x0000000085080000)
 Metaspace       used 51581K, committed 52736K, reserved 1114112K
  class space    used 5806K, committed 6336K, reserved 1048576K
}
Event: 21.964 GC heap before
{Heap before GC invocations=93 (full 2):
 PSYoungGen      total 5120K, used 5090K [0x00000000d5580000, 0x00000000d5e00000, 0x0000000100000000)
  eden space 3072K, 100% used [0x00000000d5580000,0x00000000d5880000,0x00000000d5880000)
  from space 2048K, 98% used [0x00000000d5b00000,0x00000000d5cf8a40,0x00000000d5d00000)
  to   space 2560K, 0% used [0x00000000d5880000,0x00000000d5880000,0x00000000d5b00000)
 ParOldGen       total 82432K, used 82035K [0x0000000080000000, 0x0000000085080000, 0x00000000d5580000)
  object space 82432K, 99% used [0x0000000080000000,0x000000008501cdf0,0x0000000085080000)
 Metaspace       used 51583K, committed 52736K, reserved 1114112K
  class space    used 5807K, committed 6336K, reserved 1048576K
}
Event: 22.978 GC heap after
{Heap after GC invocations=93 (full 2):
 PSYoungGen      total 5632K, used 992K [0x00000000d5580000, 0x00000000d5c80000, 0x0000000100000000)
  eden space 3072K, 0% used [0x00000000d5580000,0x00000000d5580000,0x00000000d5880000)
  from space 2560K, 38% used [0x00000000d5880000,0x00000000d59783f8,0x00000000d5b00000)
  to   space 1536K, 0% used [0x00000000d5b00000,0x00000000d5b00000,0x00000000d5c80000)
 ParOldGen       total 84480K, used 83991K [0x0000000080000000, 0x0000000085280000, 0x00000000d5580000)
  object space 84480K, 99% used [0x0000000080000000,0x0000000085205fe8,0x0000000085280000)
 Metaspace       used 51583K, committed 52736K, reserved 1114112K
  class space    used 5807K, committed 6336K, reserved 1048576K
}
Event: 22.986 GC heap before
{Heap before GC invocations=94 (full 2):
 PSYoungGen      total 5632K, used 4064K [0x00000000d5580000, 0x00000000d5c80000, 0x0000000100000000)
  eden space 3072K, 100% used [0x00000000d5580000,0x00000000d5880000,0x00000000d5880000)
  from space 2560K, 38% used [0x00000000d5880000,0x00000000d59783f8,0x00000000d5b00000)
  to   space 1536K, 0% used [0x00000000d5b00000,0x00000000d5b00000,0x00000000d5c80000)
 ParOldGen       total 84480K, used 83991K [0x0000000080000000, 0x0000000085280000, 0x00000000d5580000)
  object space 84480K, 99% used [0x0000000080000000,0x0000000085205fe8,0x0000000085280000)
 Metaspace       used 51585K, committed 52736K, reserved 1114112K
  class space    used 5807K, committed 6336K, reserved 1048576K
}
Event: 22.987 GC heap after
{Heap after GC invocations=94 (full 2):
 PSYoungGen      total 4608K, used 64K [0x00000000d5580000, 0x00000000d5b80000, 0x0000000100000000)
  eden space 4096K, 0% used [0x00000000d5580000,0x00000000d5580000,0x00000000d5980000)
  from space 512K, 12% used [0x00000000d5b00000,0x00000000d5b10000,0x00000000d5b80000)
  to   space 512K, 0% used [0x00000000d5a80000,0x00000000d5a80000,0x00000000d5b00000)
 ParOldGen       total 84992K, used 84871K [0x0000000080000000, 0x0000000085300000, 0x00000000d5580000)
  object space 84992K, 99% used [0x0000000080000000,0x00000000852e1fc8,0x0000000085300000)
 Metaspace       used 51585K, committed 52736K, reserved 1114112K
  class space    used 5807K, committed 6336K, reserved 1048576K
}
Event: 23.030 GC heap before
{Heap before GC invocations=95 (full 2):
 PSYoungGen      total 4608K, used 4160K [0x00000000d5580000, 0x00000000d5b80000, 0x0000000100000000)
  eden space 4096K, 100% used [0x00000000d5580000,0x00000000d5980000,0x00000000d5980000)
  from space 512K, 12% used [0x00000000d5b00000,0x00000000d5b10000,0x00000000d5b80000)
  to   space 512K, 0% used [0x00000000d5a80000,0x00000000d5a80000,0x00000000d5b00000)
 ParOldGen       total 84992K, used 84871K [0x0000000080000000, 0x0000000085300000, 0x00000000d5580000)
  object space 84992K, 99% used [0x0000000080000000,0x00000000852e1fc8,0x0000000085300000)
 Metaspace       used 51736K, committed 52992K, reserved 1114112K
  class space    used 5839K, committed 6400K, reserved 1048576K
}
Event: 23.030 GC heap after
{Heap after GC invocations=95 (full 2):
 PSYoungGen      total 4608K, used 256K [0x00000000d5580000, 0x00000000d5b80000, 0x0000000100000000)
  eden space 4096K, 0% used [0x00000000d5580000,0x00000000d5580000,0x00000000d5980000)
  from space 512K, 50% used [0x00000000d5a80000,0x00000000d5ac0000,0x00000000d5b00000)
  to   space 512K, 0% used [0x00000000d5b00000,0x00000000d5b00000,0x00000000d5b80000)
 ParOldGen       total 84992K, used 84879K [0x0000000080000000, 0x0000000085300000, 0x00000000d5580000)
  object space 84992K, 99% used [0x0000000080000000,0x00000000852e3fc8,0x0000000085300000)
 Metaspace       used 51736K, committed 52992K, reserved 1114112K
  class space    used 5839K, committed 6400K, reserved 1048576K
}
Event: 23.088 GC heap before
{Heap before GC invocations=96 (full 2):
 PSYoungGen      total 4608K, used 4352K [0x00000000d5580000, 0x00000000d5b80000, 0x0000000100000000)
  eden space 4096K, 100% used [0x00000000d5580000,0x00000000d5980000,0x00000000d5980000)
  from space 512K, 50% used [0x00000000d5a80000,0x00000000d5ac0000,0x00000000d5b00000)
  to   space 512K, 0% used [0x00000000d5b00000,0x00000000d5b00000,0x00000000d5b80000)
 ParOldGen       total 84992K, used 84879K [0x0000000080000000, 0x0000000085300000, 0x00000000d5580000)
  object space 84992K, 99% used [0x0000000080000000,0x00000000852e3fc8,0x0000000085300000)
 Metaspace       used 51920K, committed 53184K, reserved 1114112K
  class space    used 5878K, committed 6400K, reserved 1048576K
}
Event: 23.089 GC heap after
{Heap after GC invocations=96 (full 2):
 PSYoungGen      total 4608K, used 384K [0x00000000d5580000, 0x00000000d5b80000, 0x0000000100000000)
  eden space 4096K, 0% used [0x00000000d5580000,0x00000000d5580000,0x00000000d5980000)
  from space 512K, 75% used [0x00000000d5b00000,0x00000000d5b60000,0x00000000d5b80000)
  to   space 512K, 0% used [0x00000000d5a80000,0x00000000d5a80000,0x00000000d5b00000)
 ParOldGen       total 85504K, used 85039K [0x0000000080000000, 0x0000000085380000, 0x00000000d5580000)
  object space 85504K, 99% used [0x0000000080000000,0x000000008530bfc8,0x0000000085380000)
 Metaspace       used 51920K, committed 53184K, reserved 1114112K
  class space    used 5878K, committed 6400K, reserved 1048576K
}
Event: 23.150 GC heap before
{Heap before GC invocations=97 (full 2):
 PSYoungGen      total 4608K, used 4480K [0x00000000d5580000, 0x00000000d5b80000, 0x0000000100000000)
  eden space 4096K, 100% used [0x00000000d5580000,0x00000000d5980000,0x00000000d5980000)
  from space 512K, 75% used [0x00000000d5b00000,0x00000000d5b60000,0x00000000d5b80000)
  to   space 512K, 0% used [0x00000000d5a80000,0x00000000d5a80000,0x00000000d5b00000)
 ParOldGen       total 85504K, used 85039K [0x0000000080000000, 0x0000000085380000, 0x00000000d5580000)
  object space 85504K, 99% used [0x0000000080000000,0x000000008530bfc8,0x0000000085380000)
 Metaspace       used 52195K, committed 53440K, reserved 1114112K
  class space    used 5942K, committed 6464K, reserved 1048576K
}
Event: 23.150 GC heap after
{Heap after GC invocations=97 (full 2):
 PSYoungGen      total 4608K, used 352K [0x00000000d5580000, 0x00000000d5b80000, 0x0000000100000000)
  eden space 4096K, 0% used [0x00000000d5580000,0x00000000d5580000,0x00000000d5980000)
  from space 512K, 68% used [0x00000000d5a80000,0x00000000d5ad8000,0x00000000d5b00000)
  to   space 512K, 0% used [0x00000000d5b00000,0x00000000d5b00000,0x00000000d5b80000)
 ParOldGen       total 85504K, used 85271K [0x0000000080000000, 0x0000000085380000, 0x00000000d5580000)
  object space 85504K, 99% used [0x0000000080000000,0x0000000085345fd8,0x0000000085380000)
 Metaspace       used 52195K, committed 53440K, reserved 1114112K
  class space    used 5942K, committed 6464K, reserved 1048576K
}

