# JRE version: OpenJDK Runtime Environment Temurin-21.0.8+9 (21.0.8+9) (build 21.0.8+9-LTS)
# Java VM: OpenJDK 64-Bit Server VM Temurin-21.0.8+9 (21.0.8+9-LTS, mixed mode, sharing, tiered, compressed oops, compressed class ptrs, parallel gc, windows-amd64)
GC Precious Log:
 CardTable entry size: 512
 CPUs: 8 total, 8 available
 Memory: 7995M
 Large Page Support: Disabled
 NUMA Support: Disabled
 Compressed Oops: Enabled (32-bit)
 Alignments: Space 512K, Generation 512K, Heap 2M
 Heap Min Capacity: 100M
 Heap Initial Capacity: 100M
 Heap Max Capacity: 2G
 Pre-touch: Disabled
 Parallel Workers: 8
Heap:
 PSYoungGen      total 12288K, used 3827K [0x00000000d5580000, 0x00000000d6c00000, 0x0000000100000000)
  eden space 11264K, 30% used [0x00000000d5580000,0x00000000d58d4e90,0x00000000d6080000)
  from space 1024K, 40% used [0x00000000d6a00000,0x00000000d6a68000,0x00000000d6b00000)
  to   space 512K, 0% used [0x00000000d6b80000,0x00000000d6b80000,0x00000000d6c00000)
 ParOldGen       total 100352K, used 89207K [0x0000000080000000, 0x0000000086200000, 0x00000000d5580000)
  object space 100352K, 88% used [0x0000000080000000,0x000000008571dd50,0x0000000086200000)
 Metaspace       used 67712K, committed 69312K, reserved 1114112K
  class space    used 8454K, committed 9152K, reserved 1048576K
GC Heap History (20 events):
Event: 31.032 GC heap before
{Heap before GC invocations=167 (full 3):
 PSYoungGen      total 12288K, used 12029K [0x00000000d5580000, 0x00000000d6e80000, 0x0000000100000000)
  eden space 11264K, 100% used [0x00000000d5580000,0x00000000d6080000,0x00000000d6080000)
  from space 1024K, 74% used [0x00000000d6d00000,0x00000000d6dbf490,0x00000000d6e00000)
  to   space 512K, 0% used [0x00000000d6e00000,0x00000000d6e00000,0x00000000d6e80000)
 ParOldGen       total 100352K, used 82907K [0x0000000080000000, 0x0000000086200000, 0x00000000d5580000)
  object space 100352K, 82% used [0x0000000080000000,0x00000000850f6d48,0x0000000086200000)
 Metaspace       used 63685K, committed 65088K, reserved 1114112K
  class space    used 7896K, committed 8512K, reserved 1048576K
}
Event: 31.033 GC heap after
{Heap after GC invocations=167 (full 3):
 PSYoungGen      total 11776K, used 432K [0x00000000d5580000, 0x00000000d6e80000, 0x0000000100000000)
  eden space 11264K, 0% used [0x00000000d5580000,0x00000000d5580000,0x00000000d6080000)
  from space 512K, 84% used [0x00000000d6e00000,0x00000000d6e6c280,0x00000000d6e80000)
  to   space 1024K, 0% used [0x00000000d6c80000,0x00000000d6c80000,0x00000000d6d80000)
 ParOldGen       total 100352K, used 83709K [0x0000000080000000, 0x0000000086200000, 0x00000000d5580000)
  object space 100352K, 83% used [0x0000000080000000,0x00000000851bf780,0x0000000086200000)
 Metaspace       used 63685K, committed 65088K, reserved 1114112K
  class space    used 7896K, committed 8512K, reserved 1048576K
}
Event: 31.184 GC heap before
{Heap before GC invocations=168 (full 3):
 PSYoungGen      total 11776K, used 11696K [0x00000000d5580000, 0x00000000d6e80000, 0x0000000100000000)
  eden space 11264K, 100% used [0x00000000d5580000,0x00000000d6080000,0x00000000d6080000)
  from space 512K, 84% used [0x00000000d6e00000,0x00000000d6e6c280,0x00000000d6e80000)
  to   space 1024K, 0% used [0x00000000d6c80000,0x00000000d6c80000,0x00000000d6d80000)
 ParOldGen       total 100352K, used 83709K [0x0000000080000000, 0x0000000086200000, 0x00000000d5580000)
  object space 100352K, 83% used [0x0000000080000000,0x00000000851bf780,0x0000000086200000)
 Metaspace       used 63685K, committed 65088K, reserved 1114112K
  class space    used 7896K, committed 8512K, reserved 1048576K
}
Event: 31.185 GC heap after
{Heap after GC invocations=168 (full 3):
 PSYoungGen      total 12288K, used 567K [0x00000000d5580000, 0x00000000d6e80000, 0x0000000100000000)
  eden space 11264K, 0% used [0x00000000d5580000,0x00000000d5580000,0x00000000d6080000)
  from space 1024K, 55% used [0x00000000d6c80000,0x00000000d6d0dc60,0x00000000d6d80000)
  to   space 1024K, 0% used [0x00000000d6d80000,0x00000000d6d80000,0x00000000d6e80000)
 ParOldGen       total 100352K, used 83773K [0x0000000080000000, 0x0000000086200000, 0x00000000d5580000)
  object space 100352K, 83% used [0x0000000080000000,0x00000000851cf780,0x0000000086200000)
 Metaspace       used 63685K, committed 65088K, reserved 1114112K
  class space    used 7896K, committed 8512K, reserved 1048576K
}
Event: 31.319 GC heap before
{Heap before GC invocations=169 (full 3):
 PSYoungGen      total 12288K, used 11831K [0x00000000d5580000, 0x00000000d6e80000, 0x0000000100000000)
  eden space 11264K, 100% used [0x00000000d5580000,0x00000000d6080000,0x00000000d6080000)
  from space 1024K, 55% used [0x00000000d6c80000,0x00000000d6d0dc60,0x00000000d6d80000)
  to   space 1024K, 0% used [0x00000000d6d80000,0x00000000d6d80000,0x00000000d6e80000)
 ParOldGen       total 100352K, used 83773K [0x0000000080000000, 0x0000000086200000, 0x00000000d5580000)
  object space 100352K, 83% used [0x0000000080000000,0x00000000851cf780,0x0000000086200000)
 Metaspace       used 63685K, committed 65088K, reserved 1114112K
  class space    used 7896K, committed 8512K, reserved 1048576K
}
Event: 31.321 GC heap after
{Heap after GC invocations=169 (full 3):
 PSYoungGen      total 12288K, used 685K [0x00000000d5580000, 0x00000000d6e80000, 0x0000000100000000)
  eden space 11264K, 0% used [0x00000000d5580000,0x00000000d5580000,0x00000000d6080000)
  from space 1024K, 66% used [0x00000000d6d80000,0x00000000d6e2b7d0,0x00000000d6e80000)
  to   space 1024K, 0% used [0x00000000d6c80000,0x00000000d6c80000,0x00000000d6d80000)
 ParOldGen       total 100352K, used 84250K [0x0000000080000000, 0x0000000086200000, 0x00000000d5580000)
  object space 100352K, 83% used [0x0000000080000000,0x0000000085246b60,0x0000000086200000)
 Metaspace       used 63685K, committed 65088K, reserved 1114112K
  class space    used 7896K, committed 8512K, reserved 1048576K
}
Event: 31.568 GC heap before
{Heap before GC invocations=170 (full 3):
 PSYoungGen      total 12288K, used 11949K [0x00000000d5580000, 0x00000000d6e80000, 0x0000000100000000)
  eden space 11264K, 100% used [0x00000000d5580000,0x00000000d6080000,0x00000000d6080000)
  from space 1024K, 66% used [0x00000000d6d80000,0x00000000d6e2b7d0,0x00000000d6e80000)
  to   space 1024K, 0% used [0x00000000d6c80000,0x00000000d6c80000,0x00000000d6d80000)
 ParOldGen       total 100352K, used 84250K [0x0000000080000000, 0x0000000086200000, 0x00000000d5580000)
  object space 100352K, 83% used [0x0000000080000000,0x0000000085246b60,0x0000000086200000)
 Metaspace       used 64402K, committed 65792K, reserved 1114112K
  class space    used 7995K, committed 8640K, reserved 1048576K
}
Event: 31.569 GC heap after
{Heap after GC invocations=170 (full 3):
 PSYoungGen      total 11776K, used 416K [0x00000000d5580000, 0x00000000d6e00000, 0x0000000100000000)
  eden space 11264K, 0% used [0x00000000d5580000,0x00000000d5580000,0x00000000d6080000)
  from space 512K, 81% used [0x00000000d6c80000,0x00000000d6ce8000,0x00000000d6d00000)
  to   space 1024K, 0% used [0x00000000d6d00000,0x00000000d6d00000,0x00000000d6e00000)
 ParOldGen       total 100352K, used 84282K [0x0000000080000000, 0x0000000086200000, 0x00000000d5580000)
  object space 100352K, 83% used [0x0000000080000000,0x000000008524eb60,0x0000000086200000)
 Metaspace       used 64402K, committed 65792K, reserved 1114112K
  class space    used 7995K, committed 8640K, reserved 1048576K
}
Event: 31.796 GC heap before
{Heap before GC invocations=171 (full 3):
 PSYoungGen      total 11776K, used 11680K [0x00000000d5580000, 0x00000000d6e00000, 0x0000000100000000)
  eden space 11264K, 100% used [0x00000000d5580000,0x00000000d6080000,0x00000000d6080000)
  from space 512K, 81% used [0x00000000d6c80000,0x00000000d6ce8000,0x00000000d6d00000)
  to   space 1024K, 0% used [0x00000000d6d00000,0x00000000d6d00000,0x00000000d6e00000)
 ParOldGen       total 100352K, used 84282K [0x0000000080000000, 0x0000000086200000, 0x00000000d5580000)
  object space 100352K, 83% used [0x0000000080000000,0x000000008524eb60,0x0000000086200000)
 Metaspace       used 65505K, committed 67072K, reserved 1114112K
  class space    used 8187K, committed 8896K, reserved 1048576K
}
Event: 31.798 GC heap after
{Heap after GC invocations=171 (full 3):
 PSYoungGen      total 11776K, used 480K [0x00000000d5580000, 0x00000000d6d80000, 0x0000000100000000)
  eden space 11264K, 0% used [0x00000000d5580000,0x00000000d5580000,0x00000000d6080000)
  from space 512K, 93% used [0x00000000d6d00000,0x00000000d6d78000,0x00000000d6d80000)
  to   space 512K, 0% used [0x00000000d6c80000,0x00000000d6c80000,0x00000000d6d00000)
 ParOldGen       total 100352K, used 84570K [0x0000000080000000, 0x0000000086200000, 0x00000000d5580000)
  object space 100352K, 84% used [0x0000000080000000,0x0000000085296b90,0x0000000086200000)
 Metaspace       used 65505K, committed 67072K, reserved 1114112K
  class space    used 8187K, committed 8896K, reserved 1048576K
}
Event: 32.473 GC heap before
{Heap before GC invocations=172 (full 3):
 PSYoungGen      total 11776K, used 11744K [0x00000000d5580000, 0x00000000d6d80000, 0x0000000100000000)
  eden space 11264K, 100% used [0x00000000d5580000,0x00000000d6080000,0x00000000d6080000)
  from space 512K, 93% used [0x00000000d6d00000,0x00000000d6d78000,0x00000000d6d80000)
  to   space 512K, 0% used [0x00000000d6c80000,0x00000000d6c80000,0x00000000d6d00000)
 ParOldGen       total 100352K, used 84570K [0x0000000080000000, 0x0000000086200000, 0x00000000d5580000)
  object space 100352K, 84% used [0x0000000080000000,0x0000000085296b90,0x0000000086200000)
 Metaspace       used 66525K, committed 68032K, reserved 1114112K
  class space    used 8319K, committed 9024K, reserved 1048576K
}
Event: 32.475 GC heap after
{Heap after GC invocations=172 (full 3):
 PSYoungGen      total 11776K, used 416K [0x00000000d5580000, 0x00000000d6d80000, 0x0000000100000000)
  eden space 11264K, 0% used [0x00000000d5580000,0x00000000d5580000,0x00000000d6080000)
  from space 512K, 81% used [0x00000000d6c80000,0x00000000d6ce8010,0x00000000d6d00000)
  to   space 512K, 0% used [0x00000000d6d00000,0x00000000d6d00000,0x00000000d6d80000)
 ParOldGen       total 100352K, used 84930K [0x0000000080000000, 0x0000000086200000, 0x00000000d5580000)
  object space 100352K, 84% used [0x0000000080000000,0x00000000852f0b90,0x0000000086200000)
 Metaspace       used 66525K, committed 68032K, reserved 1114112K
  class space    used 8319K, committed 9024K, reserved 1048576K
}
Event: 36.547 GC heap before
{Heap before GC invocations=173 (full 3):
 PSYoungGen      total 11776K, used 11680K [0x00000000d5580000, 0x00000000d6d80000, 0x0000000100000000)
  eden space 11264K, 100% used [0x00000000d5580000,0x00000000d6080000,0x00000000d6080000)
  from space 512K, 81% used [0x00000000d6c80000,0x00000000d6ce8010,0x00000000d6d00000)
  to   space 512K, 0% used [0x00000000d6d00000,0x00000000d6d00000,0x00000000d6d80000)
 ParOldGen       total 100352K, used 84930K [0x0000000080000000, 0x0000000086200000, 0x00000000d5580000)
  object space 100352K, 84% used [0x0000000080000000,0x00000000852f0b90,0x0000000086200000)
 Metaspace       used 66893K, committed 68352K, reserved 1114112K
  class space    used 8343K, committed 9024K, reserved 1048576K
}
Event: 36.556 GC heap after
{Heap after GC invocations=173 (full 3):
 PSYoungGen      total 11776K, used 504K [0x00000000d5580000, 0x00000000d6d80000, 0x0000000100000000)
  eden space 11264K, 0% used [0x00000000d5580000,0x00000000d5580000,0x00000000d6080000)
  from space 512K, 98% used [0x00000000d6d00000,0x00000000d6d7e048,0x00000000d6d80000)
  to   space 4608K, 0% used [0x00000000d6480000,0x00000000d6480000,0x00000000d6900000)
 ParOldGen       total 100352K, used 88182K [0x0000000080000000, 0x0000000086200000, 0x00000000d5580000)
  object space 100352K, 87% used [0x0000000080000000,0x000000008561d868,0x0000000086200000)
 Metaspace       used 66893K, committed 68352K, reserved 1114112K
  class space    used 8343K, committed 9024K, reserved 1048576K
}
Event: 36.705 GC heap before
{Heap before GC invocations=174 (full 3):
 PSYoungGen      total 11776K, used 11768K [0x00000000d5580000, 0x00000000d6d80000, 0x0000000100000000)
  eden space 11264K, 100% used [0x00000000d5580000,0x00000000d6080000,0x00000000d6080000)
  from space 512K, 98% used [0x00000000d6d00000,0x00000000d6d7e048,0x00000000d6d80000)
  to   space 4608K, 0% used [0x00000000d6480000,0x00000000d6480000,0x00000000d6900000)
 ParOldGen       total 100352K, used 88182K [0x0000000080000000, 0x0000000086200000, 0x00000000d5580000)
  object space 100352K, 87% used [0x0000000080000000,0x000000008561d868,0x0000000086200000)
 Metaspace       used 66925K, committed 68480K, reserved 1114112K
  class space    used 8343K, committed 9024K, reserved 1048576K
}
Event: 36.710 GC heap after
{Heap after GC invocations=174 (full 3):
 PSYoungGen      total 15872K, used 480K [0x00000000d5580000, 0x00000000d6d80000, 0x0000000100000000)
  eden space 11264K, 0% used [0x00000000d5580000,0x00000000d5580000,0x00000000d6080000)
  from space 4608K, 10% used [0x00000000d6480000,0x00000000d64f8020,0x00000000d6900000)
  to   space 2048K, 0% used [0x00000000d6b80000,0x00000000d6b80000,0x00000000d6d80000)
 ParOldGen       total 100352K, used 88687K [0x0000000080000000, 0x0000000086200000, 0x00000000d5580000)
  object space 100352K, 88% used [0x0000000080000000,0x000000008569bd30,0x0000000086200000)
 Metaspace       used 66925K, committed 68480K, reserved 1114112K
  class space    used 8343K, committed 9024K, reserved 1048576K
}
Event: 36.761 GC heap before
{Heap before GC invocations=175 (full 3):
 PSYoungGen      total 15872K, used 11744K [0x00000000d5580000, 0x00000000d6d80000, 0x0000000100000000)
  eden space 11264K, 100% used [0x00000000d5580000,0x00000000d6080000,0x00000000d6080000)
  from space 4608K, 10% used [0x00000000d6480000,0x00000000d64f8020,0x00000000d6900000)
  to   space 2048K, 0% used [0x00000000d6b80000,0x00000000d6b80000,0x00000000d6d80000)
 ParOldGen       total 100352K, used 88687K [0x0000000080000000, 0x0000000086200000, 0x00000000d5580000)
  object space 100352K, 88% used [0x0000000080000000,0x000000008569bd30,0x0000000086200000)
 Metaspace       used 66931K, committed 68480K, reserved 1114112K
  class space    used 8343K, committed 9024K, reserved 1048576K
}
Event: 36.766 GC heap after
{Heap after GC invocations=175 (full 3):
 PSYoungGen      total 11776K, used 256K [0x00000000d5580000, 0x00000000d6c00000, 0x0000000100000000)
  eden space 11264K, 0% used [0x00000000d5580000,0x00000000d5580000,0x00000000d6080000)
  from space 512K, 50% used [0x00000000d6b80000,0x00000000d6bc0000,0x00000000d6c00000)
  to   space 1024K, 0% used [0x00000000d6a00000,0x00000000d6a00000,0x00000000d6b00000)
 ParOldGen       total 100352K, used 89055K [0x0000000080000000, 0x0000000086200000, 0x00000000d5580000)
  object space 100352K, 88% used [0x0000000080000000,0x00000000856f7d50,0x0000000086200000)
 Metaspace       used 66931K, committed 68480K, reserved 1114112K
  class space    used 8343K, committed 9024K, reserved 1048576K
}
Event: 38.553 GC heap before
{Heap before GC invocations=176 (full 3):
 PSYoungGen      total 11776K, used 11520K [0x00000000d5580000, 0x00000000d6c00000, 0x0000000100000000)
  eden space 11264K, 100% used [0x00000000d5580000,0x00000000d6080000,0x00000000d6080000)
  from space 512K, 50% used [0x00000000d6b80000,0x00000000d6bc0000,0x00000000d6c00000)
  to   space 1024K, 0% used [0x00000000d6a00000,0x00000000d6a00000,0x00000000d6b00000)
 ParOldGen       total 100352K, used 89055K [0x0000000080000000, 0x0000000086200000, 0x00000000d5580000)
  object space 100352K, 88% used [0x0000000080000000,0x00000000856f7d50,0x0000000086200000)
 Metaspace       used 67258K, committed 68800K, reserved 1114112K
  class space    used 8392K, committed 9088K, reserved 1048576K
}
Event: 38.556 GC heap after
{Heap after GC invocations=176 (full 3):
 PSYoungGen      total 12288K, used 416K [0x00000000d5580000, 0x00000000d6c00000, 0x0000000100000000)
  eden space 11264K, 0% used [0x00000000d5580000,0x00000000d5580000,0x00000000d6080000)
  from space 1024K, 40% used [0x00000000d6a00000,0x00000000d6a68000,0x00000000d6b00000)
  to   space 512K, 0% used [0x00000000d6b80000,0x00000000d6b80000,0x00000000d6c00000)
 ParOldGen       total 100352K, used 89207K [0x0000000080000000, 0x0000000086200000, 0x00000000d5580000)
  object space 100352K, 88% used [0x0000000080000000,0x000000008571dd50,0x0000000086200000)
 Metaspace       used 67258K, committed 68800K, reserved 1114112K
  class space    used 8392K, committed 9088K, reserved 1048576K
}

