# JRE version: OpenJDK Runtime Environment Temurin-21.0.8+9 (21.0.8+9) (build 21.0.8+9-LTS)
# Java VM: OpenJDK 64-Bit Server VM Temurin-21.0.8+9 (21.0.8+9-LTS, mixed mode, sharing, tiered, compressed oops, compressed class ptrs, parallel gc, windows-amd64)
GC Precious Log:
 CardTable entry size: 512
 CPUs: 8 total, 8 available
 Memory: 7995M
 Large Page Support: Disabled
 NUMA Support: Disabled
 Compressed Oops: Enabled (32-bit)
 Alignments: Space 512K, Generation 512K, Heap 2M
 Heap Min Capacity: 100M
 Heap Initial Capacity: 100M
 Heap Max Capacity: 2G
 Pre-touch: Disabled
 Parallel Workers: 8
Heap:
 PSYoungGen      total 5632K, used 5248K [0x00000000d5580000, 0x00000000d5c80000, 0x0000000100000000)
  eden space 4096K, 100% used [0x00000000d5580000,0x00000000d5980000,0x00000000d5980000)
  from space 1536K, 75% used [0x00000000d5b00000,0x00000000d5c20000,0x00000000d5c80000)
  to   space 1536K, 69% used [0x00000000d5980000,0x00000000d5a8bf18,0x00000000d5b00000)
 ParOldGen       total 382976K, used 382723K [0x0000000080000000, 0x0000000097600000, 0x00000000d5580000)
  object space 382976K, 99% used [0x0000000080000000,0x00000000975c0ee8,0x0000000097600000)
 Metaspace       used 64736K, committed 66176K, reserved 1114112K
  class space    used 7516K, committed 8128K, reserved 1048576K
GC Heap History (20 events):
Event: 63.878 GC heap after
{Heap after GC invocations=445 (full 3):
 PSYoungGen      total 3072K, used 576K [0x00000000d5580000, 0x00000000d5b80000, 0x0000000100000000)
  eden space 2048K, 0% used [0x00000000d5580000,0x00000000d5580000,0x00000000d5780000)
  from space 1024K, 56% used [0x00000000d5a80000,0x00000000d5b10000,0x00000000d5b80000)
  to   space 1024K, 0% used [0x00000000d5980000,0x00000000d5980000,0x00000000d5a80000)
 ParOldGen       total 375296K, used 375059K [0x0000000080000000, 0x0000000096e80000, 0x00000000d5580000)
  object space 375296K, 99% used [0x0000000080000000,0x0000000096e44e88,0x0000000096e80000)
 Metaspace       used 64736K, committed 66176K, reserved 1114112K
  class space    used 7516K, committed 8128K, reserved 1048576K
}
Event: 63.887 GC heap before
{Heap before GC invocations=446 (full 3):
 PSYoungGen      total 3072K, used 2624K [0x00000000d5580000, 0x00000000d5b80000, 0x0000000100000000)
  eden space 2048K, 100% used [0x00000000d5580000,0x00000000d5780000,0x00000000d5780000)
  from space 1024K, 56% used [0x00000000d5a80000,0x00000000d5b10000,0x00000000d5b80000)
  to   space 1024K, 0% used [0x00000000d5980000,0x00000000d5980000,0x00000000d5a80000)
 ParOldGen       total 375296K, used 375059K [0x0000000080000000, 0x0000000096e80000, 0x00000000d5580000)
  object space 375296K, 99% used [0x0000000080000000,0x0000000096e44e88,0x0000000096e80000)
 Metaspace       used 64736K, committed 66176K, reserved 1114112K
  class space    used 7516K, committed 8128K, reserved 1048576K
}
Event: 63.892 GC heap after
{Heap after GC invocations=446 (full 3):
 PSYoungGen      total 3584K, used 1012K [0x00000000d5580000, 0x00000000d5c00000, 0x0000000100000000)
  eden space 2560K, 0% used [0x00000000d5580000,0x00000000d5580000,0x00000000d5800000)
  from space 1024K, 98% used [0x00000000d5980000,0x00000000d5a7d000,0x00000000d5a80000)
  to   space 1536K, 0% used [0x00000000d5a80000,0x00000000d5a80000,0x00000000d5c00000)
 ParOldGen       total 375808K, used 375519K [0x0000000080000000, 0x0000000096f00000, 0x00000000d5580000)
  object space 375808K, 99% used [0x0000000080000000,0x0000000096eb7e80,0x0000000096f00000)
 Metaspace       used 64736K, committed 66176K, reserved 1114112K
  class space    used 7516K, committed 8128K, reserved 1048576K
}
Event: 63.911 GC heap before
{Heap before GC invocations=447 (full 3):
 PSYoungGen      total 3584K, used 3572K [0x00000000d5580000, 0x00000000d5c00000, 0x0000000100000000)
  eden space 2560K, 100% used [0x00000000d5580000,0x00000000d5800000,0x00000000d5800000)
  from space 1024K, 98% used [0x00000000d5980000,0x00000000d5a7d000,0x00000000d5a80000)
  to   space 1536K, 0% used [0x00000000d5a80000,0x00000000d5a80000,0x00000000d5c00000)
 ParOldGen       total 375808K, used 375519K [0x0000000080000000, 0x0000000096f00000, 0x00000000d5580000)
  object space 375808K, 99% used [0x0000000080000000,0x0000000096eb7e80,0x0000000096f00000)
 Metaspace       used 64736K, committed 66176K, reserved 1114112K
  class space    used 7516K, committed 8128K, reserved 1048576K
}
Event: 63.915 GC heap after
{Heap after GC invocations=447 (full 3):
 PSYoungGen      total 4608K, used 1040K [0x00000000d5580000, 0x00000000d5c00000, 0x0000000100000000)
  eden space 3072K, 0% used [0x00000000d5580000,0x00000000d5580000,0x00000000d5880000)
  from space 1536K, 67% used [0x00000000d5a80000,0x00000000d5b84000,0x00000000d5c00000)
  to   space 1536K, 0% used [0x00000000d5900000,0x00000000d5900000,0x00000000d5a80000)
 ParOldGen       total 376832K, used 376458K [0x0000000080000000, 0x0000000097000000, 0x00000000d5580000)
  object space 376832K, 99% used [0x0000000080000000,0x0000000096fa2928,0x0000000097000000)
 Metaspace       used 64736K, committed 66176K, reserved 1114112K
  class space    used 7516K, committed 8128K, reserved 1048576K
}
Event: 63.944 GC heap before
{Heap before GC invocations=448 (full 3):
 PSYoungGen      total 4608K, used 4111K [0x00000000d5580000, 0x00000000d5c00000, 0x0000000100000000)
  eden space 3072K, 99% used [0x00000000d5580000,0x00000000d587ff78,0x00000000d5880000)
  from space 1536K, 67% used [0x00000000d5a80000,0x00000000d5b84000,0x00000000d5c00000)
  to   space 1536K, 0% used [0x00000000d5900000,0x00000000d5900000,0x00000000d5a80000)
 ParOldGen       total 376832K, used 376458K [0x0000000080000000, 0x0000000097000000, 0x00000000d5580000)
  object space 376832K, 99% used [0x0000000080000000,0x0000000096fa2928,0x0000000097000000)
 Metaspace       used 64736K, committed 66176K, reserved 1114112K
  class space    used 7516K, committed 8128K, reserved 1048576K
}
Event: 63.950 GC heap after
{Heap after GC invocations=448 (full 3):
 PSYoungGen      total 4608K, used 1031K [0x00000000d5580000, 0x00000000d5b80000, 0x0000000100000000)
  eden space 3072K, 0% used [0x00000000d5580000,0x00000000d5580000,0x00000000d5880000)
  from space 1536K, 67% used [0x00000000d5900000,0x00000000d5a01fa0,0x00000000d5a80000)
  to   space 1024K, 0% used [0x00000000d5a80000,0x00000000d5a80000,0x00000000d5b80000)
 ParOldGen       total 377344K, used 377186K [0x0000000080000000, 0x0000000097080000, 0x00000000d5580000)
  object space 377344K, 99% used [0x0000000080000000,0x0000000097058928,0x0000000097080000)
 Metaspace       used 64736K, committed 66176K, reserved 1114112K
  class space    used 7516K, committed 8128K, reserved 1048576K
}
Event: 63.970 GC heap before
{Heap before GC invocations=449 (full 3):
 PSYoungGen      total 4608K, used 4103K [0x00000000d5580000, 0x00000000d5b80000, 0x0000000100000000)
  eden space 3072K, 100% used [0x00000000d5580000,0x00000000d5880000,0x00000000d5880000)
  from space 1536K, 67% used [0x00000000d5900000,0x00000000d5a01fa0,0x00000000d5a80000)
  to   space 1024K, 0% used [0x00000000d5a80000,0x00000000d5a80000,0x00000000d5b80000)
 ParOldGen       total 377344K, used 377186K [0x0000000080000000, 0x0000000097080000, 0x00000000d5580000)
  object space 377344K, 99% used [0x0000000080000000,0x0000000097058928,0x0000000097080000)
 Metaspace       used 64736K, committed 66176K, reserved 1114112K
  class space    used 7516K, committed 8128K, reserved 1048576K
}
Event: 63.977 GC heap after
{Heap after GC invocations=449 (full 3):
 PSYoungGen      total 5120K, used 672K [0x00000000d5580000, 0x00000000d5b80000, 0x0000000100000000)
  eden space 4096K, 0% used [0x00000000d5580000,0x00000000d5580000,0x00000000d5980000)
  from space 1024K, 65% used [0x00000000d5a80000,0x00000000d5b28000,0x00000000d5b80000)
  to   space 1024K, 0% used [0x00000000d5980000,0x00000000d5980000,0x00000000d5a80000)
 ParOldGen       total 377856K, used 377836K [0x0000000080000000, 0x0000000097100000, 0x00000000d5580000)
  object space 377856K, 99% used [0x0000000080000000,0x00000000970fb340,0x0000000097100000)
 Metaspace       used 64736K, committed 66176K, reserved 1114112K
  class space    used 7516K, committed 8128K, reserved 1048576K
}
Event: 64.013 GC heap before
{Heap before GC invocations=450 (full 3):
 PSYoungGen      total 5120K, used 4768K [0x00000000d5580000, 0x00000000d5b80000, 0x0000000100000000)
  eden space 4096K, 100% used [0x00000000d5580000,0x00000000d5980000,0x00000000d5980000)
  from space 1024K, 65% used [0x00000000d5a80000,0x00000000d5b28000,0x00000000d5b80000)
  to   space 1024K, 0% used [0x00000000d5980000,0x00000000d5980000,0x00000000d5a80000)
 ParOldGen       total 377856K, used 377836K [0x0000000080000000, 0x0000000097100000, 0x00000000d5580000)
  object space 377856K, 99% used [0x0000000080000000,0x00000000970fb340,0x0000000097100000)
 Metaspace       used 64736K, committed 66176K, reserved 1114112K
  class space    used 7516K, committed 8128K, reserved 1048576K
}
Event: 64.019 GC heap after
{Heap after GC invocations=450 (full 3):
 PSYoungGen      total 5120K, used 915K [0x00000000d5580000, 0x00000000d5b80000, 0x0000000100000000)
  eden space 4096K, 0% used [0x00000000d5580000,0x00000000d5580000,0x00000000d5980000)
  from space 1024K, 89% used [0x00000000d5980000,0x00000000d5a64fd0,0x00000000d5a80000)
  to   space 1024K, 0% used [0x00000000d5a80000,0x00000000d5a80000,0x00000000d5b80000)
 ParOldGen       total 378368K, used 378307K [0x0000000080000000, 0x0000000097180000, 0x00000000d5580000)
  object space 378368K, 99% used [0x0000000080000000,0x0000000097170de8,0x0000000097180000)
 Metaspace       used 64736K, committed 66176K, reserved 1114112K
  class space    used 7516K, committed 8128K, reserved 1048576K
}
Event: 64.055 GC heap before
{Heap before GC invocations=451 (full 3):
 PSYoungGen      total 5120K, used 5011K [0x00000000d5580000, 0x00000000d5b80000, 0x0000000100000000)
  eden space 4096K, 99% used [0x00000000d5580000,0x00000000d597fff8,0x00000000d5980000)
  from space 1024K, 89% used [0x00000000d5980000,0x00000000d5a64fd0,0x00000000d5a80000)
  to   space 1024K, 0% used [0x00000000d5a80000,0x00000000d5a80000,0x00000000d5b80000)
 ParOldGen       total 378368K, used 378307K [0x0000000080000000, 0x0000000097180000, 0x00000000d5580000)
  object space 378368K, 99% used [0x0000000080000000,0x0000000097170de8,0x0000000097180000)
 Metaspace       used 64736K, committed 66176K, reserved 1114112K
  class space    used 7516K, committed 8128K, reserved 1048576K
}
Event: 64.063 GC heap after
{Heap after GC invocations=451 (full 3):
 PSYoungGen      total 4096K, used 995K [0x00000000d5580000, 0x00000000d5d80000, 0x0000000100000000)
  eden space 3072K, 0% used [0x00000000d5580000,0x00000000d5580000,0x00000000d5880000)
  from space 1024K, 97% used [0x00000000d5a80000,0x00000000d5b78fd0,0x00000000d5b80000)
  to   space 2048K, 0% used [0x00000000d5880000,0x00000000d5880000,0x00000000d5a80000)
 ParOldGen       total 379392K, used 379052K [0x0000000080000000, 0x0000000097280000, 0x00000000d5580000)
  object space 379392K, 99% used [0x0000000080000000,0x000000009722b308,0x0000000097280000)
 Metaspace       used 64736K, committed 66176K, reserved 1114112K
  class space    used 7516K, committed 8128K, reserved 1048576K
}
Event: 64.089 GC heap before
{Heap before GC invocations=452 (full 3):
 PSYoungGen      total 4096K, used 4067K [0x00000000d5580000, 0x00000000d5d80000, 0x0000000100000000)
  eden space 3072K, 100% used [0x00000000d5580000,0x00000000d5880000,0x00000000d5880000)
  from space 1024K, 97% used [0x00000000d5a80000,0x00000000d5b78fd0,0x00000000d5b80000)
  to   space 2048K, 0% used [0x00000000d5880000,0x00000000d5880000,0x00000000d5a80000)
 ParOldGen       total 379392K, used 379052K [0x0000000080000000, 0x0000000097280000, 0x00000000d5580000)
  object space 379392K, 99% used [0x0000000080000000,0x000000009722b308,0x0000000097280000)
 Metaspace       used 64736K, committed 66176K, reserved 1114112K
  class space    used 7516K, committed 8128K, reserved 1048576K
}
Event: 64.095 GC heap after
{Heap after GC invocations=452 (full 3):
 PSYoungGen      total 4096K, used 823K [0x00000000d5580000, 0x00000000d5b80000, 0x0000000100000000)
  eden space 3072K, 0% used [0x00000000d5580000,0x00000000d5580000,0x00000000d5880000)
  from space 1024K, 80% used [0x00000000d5880000,0x00000000d594de90,0x00000000d5980000)
  to   space 1536K, 0% used [0x00000000d5a00000,0x00000000d5a00000,0x00000000d5b80000)
 ParOldGen       total 380416K, used 379939K [0x0000000080000000, 0x0000000097380000, 0x00000000d5580000)
  object space 380416K, 99% used [0x0000000080000000,0x0000000097308d78,0x0000000097380000)
 Metaspace       used 64736K, committed 66176K, reserved 1114112K
  class space    used 7516K, committed 8128K, reserved 1048576K
}
Event: 64.124 GC heap before
{Heap before GC invocations=453 (full 3):
 PSYoungGen      total 4096K, used 3895K [0x00000000d5580000, 0x00000000d5b80000, 0x0000000100000000)
  eden space 3072K, 100% used [0x00000000d5580000,0x00000000d5880000,0x00000000d5880000)
  from space 1024K, 80% used [0x00000000d5880000,0x00000000d594de90,0x00000000d5980000)
  to   space 1536K, 0% used [0x00000000d5a00000,0x00000000d5a00000,0x00000000d5b80000)
 ParOldGen       total 380416K, used 379939K [0x0000000080000000, 0x0000000097380000, 0x00000000d5580000)
  object space 380416K, 99% used [0x0000000080000000,0x0000000097308d78,0x0000000097380000)
 Metaspace       used 64736K, committed 66176K, reserved 1114112K
  class space    used 7516K, committed 8128K, reserved 1048576K
}
Event: 64.129 GC heap after
{Heap after GC invocations=453 (full 3):
 PSYoungGen      total 4096K, used 983K [0x00000000d5580000, 0x00000000d5b00000, 0x0000000100000000)
  eden space 3072K, 0% used [0x00000000d5580000,0x00000000d5580000,0x00000000d5880000)
  from space 1024K, 96% used [0x00000000d5a00000,0x00000000d5af5fa0,0x00000000d5b00000)
  to   space 1024K, 0% used [0x00000000d5880000,0x00000000d5880000,0x00000000d5980000)
 ParOldGen       total 380928K, used 380495K [0x0000000080000000, 0x0000000097400000, 0x00000000d5580000)
  object space 380928K, 99% used [0x0000000080000000,0x0000000097393c00,0x0000000097400000)
 Metaspace       used 64736K, committed 66176K, reserved 1114112K
  class space    used 7516K, committed 8128K, reserved 1048576K
}
Event: 64.146 GC heap before
{Heap before GC invocations=454 (full 3):
 PSYoungGen      total 4096K, used 3849K [0x00000000d5580000, 0x00000000d5b00000, 0x0000000100000000)
  eden space 3072K, 93% used [0x00000000d5580000,0x00000000d584c488,0x00000000d5880000)
  from space 1024K, 96% used [0x00000000d5a00000,0x00000000d5af5fa0,0x00000000d5b00000)
  to   space 1024K, 0% used [0x00000000d5880000,0x00000000d5880000,0x00000000d5980000)
 ParOldGen       total 380928K, used 380495K [0x0000000080000000, 0x0000000097400000, 0x00000000d5580000)
  object space 380928K, 99% used [0x0000000080000000,0x0000000097393c00,0x0000000097400000)
 Metaspace       used 64736K, committed 66176K, reserved 1114112K
  class space    used 7516K, committed 8128K, reserved 1048576K
}
Event: 64.151 GC heap after
{Heap after GC invocations=454 (full 3):
 PSYoungGen      total 4096K, used 1024K [0x00000000d5580000, 0x00000000d5d80000, 0x0000000100000000)
  eden space 3072K, 0% used [0x00000000d5580000,0x00000000d5580000,0x00000000d5880000)
  from space 1024K, 100% used [0x00000000d5880000,0x00000000d5980000,0x00000000d5980000)
  to   space 2560K, 0% used [0x00000000d5b00000,0x00000000d5b00000,0x00000000d5d80000)
 ParOldGen       total 381952K, used 381631K [0x0000000080000000, 0x0000000097500000, 0x00000000d5580000)
  object space 381952K, 99% used [0x0000000080000000,0x00000000974afef0,0x0000000097500000)
 Metaspace       used 64736K, committed 66176K, reserved 1114112K
  class space    used 7516K, committed 8128K, reserved 1048576K
}
Event: 64.175 GC heap before
{Heap before GC invocations=455 (full 3):
 PSYoungGen      total 4096K, used 4096K [0x00000000d5580000, 0x00000000d5d80000, 0x0000000100000000)
  eden space 3072K, 100% used [0x00000000d5580000,0x00000000d5880000,0x00000000d5880000)
  from space 1024K, 100% used [0x00000000d5880000,0x00000000d5980000,0x00000000d5980000)
  to   space 2560K, 0% used [0x00000000d5b00000,0x00000000d5b00000,0x00000000d5d80000)
 ParOldGen       total 381952K, used 381631K [0x0000000080000000, 0x0000000097500000, 0x00000000d5580000)
  object space 381952K, 99% used [0x0000000080000000,0x00000000974afef0,0x0000000097500000)
 Metaspace       used 64736K, committed 66176K, reserved 1114112K
  class space    used 7516K, committed 8128K, reserved 1048576K
}

