# JRE version: OpenJDK Runtime Environment Temurin-21.0.8+9 (21.0.8+9) (build 21.0.8+9-LTS)
# Java VM: OpenJDK 64-Bit Server VM Temurin-21.0.8+9 (21.0.8+9-LTS, mixed mode, sharing, tiered, compressed oops, compressed class ptrs, parallel gc, windows-amd64)
GC Precious Log:
 CardTable entry size: 512
 CPUs: 8 total, 8 available
 Memory: 7995M
 Large Page Support: Disabled
 NUMA Support: Disabled
 Compressed Oops: Enabled (32-bit)
 Alignments: Space 512K, Generation 512K, Heap 2M
 Heap Min Capacity: 100M
 Heap Initial Capacity: 100M
 Heap Max Capacity: 2G
 Pre-touch: Disabled
 Parallel Workers: 8
Heap:
 PSYoungGen      total 4608K, used 2405K [0x00000000d5580000, 0x00000000d5b80000, 0x0000000100000000)
  eden space 4096K, 52% used [0x00000000d5580000,0x00000000d57997a8,0x00000000d5980000)
  from space 512K, 50% used [0x00000000d5a80000,0x00000000d5ac0000,0x00000000d5b00000)
  to   space 512K, 0% used [0x00000000d5b00000,0x00000000d5b00000,0x00000000d5b80000)
 ParOldGen       total 432640K, used 200770K [0x0000000080000000, 0x000000009a680000, 0x00000000d5580000)
  object space 432640K, 46% used [0x0000000080000000,0x000000008c410b88,0x000000009a680000)
 Metaspace       used 64903K, committed 66240K, reserved 1114112K
  class space    used 7964K, committed 8576K, reserved 1048576K
GC Heap History (20 events):
Event: 30.879 GC heap before
{Heap before GC invocations=436 (full 3):
 PSYoungGen      total 4608K, used 4341K [0x00000000d5580000, 0x00000000d5b80000, 0x0000000100000000)
  eden space 4096K, 99% used [0x00000000d5580000,0x00000000d597f6b0,0x00000000d5980000)
  from space 512K, 48% used [0x00000000d5b00000,0x00000000d5b3ddc8,0x00000000d5b80000)
  to   space 512K, 0% used [0x00000000d5a80000,0x00000000d5a80000,0x00000000d5b00000)
 ParOldGen       total 432640K, used 199686K [0x0000000080000000, 0x000000009a680000, 0x00000000d5580000)
  object space 432640K, 46% used [0x0000000080000000,0x000000008c301a08,0x000000009a680000)
 Metaspace       used 62613K, committed 63936K, reserved 1114112K
  class space    used 7446K, committed 8000K, reserved 1048576K
}
Event: 30.881 GC heap after
{Heap after GC invocations=436 (full 3):
 PSYoungGen      total 4608K, used 272K [0x00000000d5580000, 0x00000000d5b80000, 0x0000000100000000)
  eden space 4096K, 0% used [0x00000000d5580000,0x00000000d5580000,0x00000000d5980000)
  from space 512K, 53% used [0x00000000d5a80000,0x00000000d5ac43c0,0x00000000d5b00000)
  to   space 512K, 0% used [0x00000000d5b00000,0x00000000d5b00000,0x00000000d5b80000)
 ParOldGen       total 432640K, used 199758K [0x0000000080000000, 0x000000009a680000, 0x00000000d5580000)
  object space 432640K, 46% used [0x0000000080000000,0x000000008c313a08,0x000000009a680000)
 Metaspace       used 62613K, committed 63936K, reserved 1114112K
  class space    used 7446K, committed 8000K, reserved 1048576K
}
Event: 30.961 GC heap before
{Heap before GC invocations=437 (full 3):
 PSYoungGen      total 4608K, used 4368K [0x00000000d5580000, 0x00000000d5b80000, 0x0000000100000000)
  eden space 4096K, 100% used [0x00000000d5580000,0x00000000d5980000,0x00000000d5980000)
  from space 512K, 53% used [0x00000000d5a80000,0x00000000d5ac43c0,0x00000000d5b00000)
  to   space 512K, 0% used [0x00000000d5b00000,0x00000000d5b00000,0x00000000d5b80000)
 ParOldGen       total 432640K, used 199758K [0x0000000080000000, 0x000000009a680000, 0x00000000d5580000)
  object space 432640K, 46% used [0x0000000080000000,0x000000008c313a08,0x000000009a680000)
 Metaspace       used 62865K, committed 64192K, reserved 1114112K
  class space    used 7500K, committed 8064K, reserved 1048576K
}
Event: 30.963 GC heap after
{Heap after GC invocations=437 (full 3):
 PSYoungGen      total 4608K, used 256K [0x00000000d5580000, 0x00000000d5b80000, 0x0000000100000000)
  eden space 4096K, 0% used [0x00000000d5580000,0x00000000d5580000,0x00000000d5980000)
  from space 512K, 50% used [0x00000000d5b00000,0x00000000d5b40000,0x00000000d5b80000)
  to   space 512K, 0% used [0x00000000d5a80000,0x00000000d5a80000,0x00000000d5b00000)
 ParOldGen       total 432640K, used 199822K [0x0000000080000000, 0x000000009a680000, 0x00000000d5580000)
  object space 432640K, 46% used [0x0000000080000000,0x000000008c323a08,0x000000009a680000)
 Metaspace       used 62865K, committed 64192K, reserved 1114112K
  class space    used 7500K, committed 8064K, reserved 1048576K
}
Event: 31.034 GC heap before
{Heap before GC invocations=438 (full 3):
 PSYoungGen      total 4608K, used 4351K [0x00000000d5580000, 0x00000000d5b80000, 0x0000000100000000)
  eden space 4096K, 99% used [0x00000000d5580000,0x00000000d597fd90,0x00000000d5980000)
  from space 512K, 50% used [0x00000000d5b00000,0x00000000d5b40000,0x00000000d5b80000)
  to   space 512K, 0% used [0x00000000d5a80000,0x00000000d5a80000,0x00000000d5b00000)
 ParOldGen       total 432640K, used 199822K [0x0000000080000000, 0x000000009a680000, 0x00000000d5580000)
  object space 432640K, 46% used [0x0000000080000000,0x000000008c323a08,0x000000009a680000)
 Metaspace       used 63134K, committed 64448K, reserved 1114112K
  class space    used 7572K, committed 8128K, reserved 1048576K
}
Event: 31.036 GC heap after
{Heap after GC invocations=438 (full 3):
 PSYoungGen      total 4608K, used 256K [0x00000000d5580000, 0x00000000d5b80000, 0x0000000100000000)
  eden space 4096K, 0% used [0x00000000d5580000,0x00000000d5580000,0x00000000d5980000)
  from space 512K, 50% used [0x00000000d5a80000,0x00000000d5ac0000,0x00000000d5b00000)
  to   space 512K, 0% used [0x00000000d5b00000,0x00000000d5b00000,0x00000000d5b80000)
 ParOldGen       total 432640K, used 199886K [0x0000000080000000, 0x000000009a680000, 0x00000000d5580000)
  object space 432640K, 46% used [0x0000000080000000,0x000000008c333a08,0x000000009a680000)
 Metaspace       used 63134K, committed 64448K, reserved 1114112K
  class space    used 7572K, committed 8128K, reserved 1048576K
}
Event: 31.101 GC heap before
{Heap before GC invocations=439 (full 3):
 PSYoungGen      total 4608K, used 4352K [0x00000000d5580000, 0x00000000d5b80000, 0x0000000100000000)
  eden space 4096K, 100% used [0x00000000d5580000,0x00000000d5980000,0x00000000d5980000)
  from space 512K, 50% used [0x00000000d5a80000,0x00000000d5ac0000,0x00000000d5b00000)
  to   space 512K, 0% used [0x00000000d5b00000,0x00000000d5b00000,0x00000000d5b80000)
 ParOldGen       total 432640K, used 199886K [0x0000000080000000, 0x000000009a680000, 0x00000000d5580000)
  object space 432640K, 46% used [0x0000000080000000,0x000000008c333a08,0x000000009a680000)
 Metaspace       used 63410K, committed 64768K, reserved 1114112K
  class space    used 7644K, committed 8256K, reserved 1048576K
}
Event: 31.103 GC heap after
{Heap after GC invocations=439 (full 3):
 PSYoungGen      total 4608K, used 288K [0x00000000d5580000, 0x00000000d5b80000, 0x0000000100000000)
  eden space 4096K, 0% used [0x00000000d5580000,0x00000000d5580000,0x00000000d5980000)
  from space 512K, 56% used [0x00000000d5b00000,0x00000000d5b48000,0x00000000d5b80000)
  to   space 512K, 0% used [0x00000000d5a80000,0x00000000d5a80000,0x00000000d5b00000)
 ParOldGen       total 432640K, used 199981K [0x0000000080000000, 0x000000009a680000, 0x00000000d5580000)
  object space 432640K, 46% used [0x0000000080000000,0x000000008c34b708,0x000000009a680000)
 Metaspace       used 63410K, committed 64768K, reserved 1114112K
  class space    used 7644K, committed 8256K, reserved 1048576K
}
Event: 31.184 GC heap before
{Heap before GC invocations=440 (full 3):
 PSYoungGen      total 4608K, used 4384K [0x00000000d5580000, 0x00000000d5b80000, 0x0000000100000000)
  eden space 4096K, 100% used [0x00000000d5580000,0x00000000d5980000,0x00000000d5980000)
  from space 512K, 56% used [0x00000000d5b00000,0x00000000d5b48000,0x00000000d5b80000)
  to   space 512K, 0% used [0x00000000d5a80000,0x00000000d5a80000,0x00000000d5b00000)
 ParOldGen       total 432640K, used 199981K [0x0000000080000000, 0x000000009a680000, 0x00000000d5580000)
  object space 432640K, 46% used [0x0000000080000000,0x000000008c34b708,0x000000009a680000)
 Metaspace       used 63680K, committed 65024K, reserved 1114112K
  class space    used 7689K, committed 8256K, reserved 1048576K
}
Event: 31.186 GC heap after
{Heap after GC invocations=440 (full 3):
 PSYoungGen      total 4608K, used 283K [0x00000000d5580000, 0x00000000d5b80000, 0x0000000100000000)
  eden space 4096K, 0% used [0x00000000d5580000,0x00000000d5580000,0x00000000d5980000)
  from space 512K, 55% used [0x00000000d5a80000,0x00000000d5ac6e10,0x00000000d5b00000)
  to   space 512K, 0% used [0x00000000d5b00000,0x00000000d5b00000,0x00000000d5b80000)
 ParOldGen       total 432640K, used 200069K [0x0000000080000000, 0x000000009a680000, 0x00000000d5580000)
  object space 432640K, 46% used [0x0000000080000000,0x000000008c361718,0x000000009a680000)
 Metaspace       used 63680K, committed 65024K, reserved 1114112K
  class space    used 7689K, committed 8256K, reserved 1048576K
}
Event: 31.264 GC heap before
{Heap before GC invocations=441 (full 3):
 PSYoungGen      total 4608K, used 4379K [0x00000000d5580000, 0x00000000d5b80000, 0x0000000100000000)
  eden space 4096K, 100% used [0x00000000d5580000,0x00000000d5980000,0x00000000d5980000)
  from space 512K, 55% used [0x00000000d5a80000,0x00000000d5ac6e10,0x00000000d5b00000)
  to   space 512K, 0% used [0x00000000d5b00000,0x00000000d5b00000,0x00000000d5b80000)
 ParOldGen       total 432640K, used 200069K [0x0000000080000000, 0x000000009a680000, 0x00000000d5580000)
  object space 432640K, 46% used [0x0000000080000000,0x000000008c361718,0x000000009a680000)
 Metaspace       used 63794K, committed 65152K, reserved 1114112K
  class space    used 7723K, committed 8320K, reserved 1048576K
}
Event: 31.266 GC heap after
{Heap after GC invocations=441 (full 3):
 PSYoungGen      total 4608K, used 394K [0x00000000d5580000, 0x00000000d5b80000, 0x0000000100000000)
  eden space 4096K, 0% used [0x00000000d5580000,0x00000000d5580000,0x00000000d5980000)
  from space 512K, 77% used [0x00000000d5b00000,0x00000000d5b62a50,0x00000000d5b80000)
  to   space 512K, 0% used [0x00000000d5a80000,0x00000000d5a80000,0x00000000d5b00000)
 ParOldGen       total 432640K, used 200125K [0x0000000080000000, 0x000000009a680000, 0x00000000d5580000)
  object space 432640K, 46% used [0x0000000080000000,0x000000008c36f718,0x000000009a680000)
 Metaspace       used 63794K, committed 65152K, reserved 1114112K
  class space    used 7723K, committed 8320K, reserved 1048576K
}
Event: 31.344 GC heap before
{Heap before GC invocations=442 (full 3):
 PSYoungGen      total 4608K, used 4490K [0x00000000d5580000, 0x00000000d5b80000, 0x0000000100000000)
  eden space 4096K, 100% used [0x00000000d5580000,0x00000000d5980000,0x00000000d5980000)
  from space 512K, 77% used [0x00000000d5b00000,0x00000000d5b62a50,0x00000000d5b80000)
  to   space 512K, 0% used [0x00000000d5a80000,0x00000000d5a80000,0x00000000d5b00000)
 ParOldGen       total 432640K, used 200125K [0x0000000080000000, 0x000000009a680000, 0x00000000d5580000)
  object space 432640K, 46% used [0x0000000080000000,0x000000008c36f718,0x000000009a680000)
 Metaspace       used 63958K, committed 65344K, reserved 1114112K
  class space    used 7780K, committed 8384K, reserved 1048576K
}
Event: 31.347 GC heap after
{Heap after GC invocations=442 (full 3):
 PSYoungGen      total 4608K, used 256K [0x00000000d5580000, 0x00000000d5b80000, 0x0000000100000000)
  eden space 4096K, 0% used [0x00000000d5580000,0x00000000d5580000,0x00000000d5980000)
  from space 512K, 50% used [0x00000000d5a80000,0x00000000d5ac0000,0x00000000d5b00000)
  to   space 512K, 0% used [0x00000000d5b00000,0x00000000d5b00000,0x00000000d5b80000)
 ParOldGen       total 432640K, used 200406K [0x0000000080000000, 0x000000009a680000, 0x00000000d5580000)
  object space 432640K, 46% used [0x0000000080000000,0x000000008c3b5850,0x000000009a680000)
 Metaspace       used 63958K, committed 65344K, reserved 1114112K
  class space    used 7780K, committed 8384K, reserved 1048576K
}
Event: 31.419 GC heap before
{Heap before GC invocations=443 (full 3):
 PSYoungGen      total 4608K, used 4352K [0x00000000d5580000, 0x00000000d5b80000, 0x0000000100000000)
  eden space 4096K, 100% used [0x00000000d5580000,0x00000000d5980000,0x00000000d5980000)
  from space 512K, 50% used [0x00000000d5a80000,0x00000000d5ac0000,0x00000000d5b00000)
  to   space 512K, 0% used [0x00000000d5b00000,0x00000000d5b00000,0x00000000d5b80000)
 ParOldGen       total 432640K, used 200406K [0x0000000080000000, 0x000000009a680000, 0x00000000d5580000)
  object space 432640K, 46% used [0x0000000080000000,0x000000008c3b5850,0x000000009a680000)
 Metaspace       used 64155K, committed 65472K, reserved 1114112K
  class space    used 7821K, committed 8384K, reserved 1048576K
}
Event: 31.421 GC heap after
{Heap after GC invocations=443 (full 3):
 PSYoungGen      total 4608K, used 364K [0x00000000d5580000, 0x00000000d5b80000, 0x0000000100000000)
  eden space 4096K, 0% used [0x00000000d5580000,0x00000000d5580000,0x00000000d5980000)
  from space 512K, 71% used [0x00000000d5b00000,0x00000000d5b5b338,0x00000000d5b80000)
  to   space 512K, 0% used [0x00000000d5a80000,0x00000000d5a80000,0x00000000d5b00000)
 ParOldGen       total 432640K, used 200494K [0x0000000080000000, 0x000000009a680000, 0x00000000d5580000)
  object space 432640K, 46% used [0x0000000080000000,0x000000008c3cb850,0x000000009a680000)
 Metaspace       used 64155K, committed 65472K, reserved 1114112K
  class space    used 7821K, committed 8384K, reserved 1048576K
}
Event: 31.500 GC heap before
{Heap before GC invocations=444 (full 3):
 PSYoungGen      total 4608K, used 4420K [0x00000000d5580000, 0x00000000d5b80000, 0x0000000100000000)
  eden space 4096K, 99% used [0x00000000d5580000,0x00000000d5975d80,0x00000000d5980000)
  from space 512K, 71% used [0x00000000d5b00000,0x00000000d5b5b338,0x00000000d5b80000)
  to   space 512K, 0% used [0x00000000d5a80000,0x00000000d5a80000,0x00000000d5b00000)
 ParOldGen       total 432640K, used 200494K [0x0000000080000000, 0x000000009a680000, 0x00000000d5580000)
  object space 432640K, 46% used [0x0000000080000000,0x000000008c3cb850,0x000000009a680000)
 Metaspace       used 64406K, committed 65792K, reserved 1114112K
  class space    used 7865K, committed 8448K, reserved 1048576K
}
Event: 31.502 GC heap after
{Heap after GC invocations=444 (full 3):
 PSYoungGen      total 4608K, used 224K [0x00000000d5580000, 0x00000000d5b80000, 0x0000000100000000)
  eden space 4096K, 0% used [0x00000000d5580000,0x00000000d5580000,0x00000000d5980000)
  from space 512K, 43% used [0x00000000d5a80000,0x00000000d5ab8000,0x00000000d5b00000)
  to   space 512K, 0% used [0x00000000d5b00000,0x00000000d5b00000,0x00000000d5b80000)
 ParOldGen       total 432640K, used 200558K [0x0000000080000000, 0x000000009a680000, 0x00000000d5580000)
  object space 432640K, 46% used [0x0000000080000000,0x000000008c3db850,0x000000009a680000)
 Metaspace       used 64406K, committed 65792K, reserved 1114112K
  class space    used 7865K, committed 8448K, reserved 1048576K
}
Event: 32.630 GC heap before
{Heap before GC invocations=445 (full 3):
 PSYoungGen      total 4608K, used 4320K [0x00000000d5580000, 0x00000000d5b80000, 0x0000000100000000)
  eden space 4096K, 100% used [0x00000000d5580000,0x00000000d5980000,0x00000000d5980000)
  from space 512K, 43% used [0x00000000d5a80000,0x00000000d5ab8000,0x00000000d5b00000)
  to   space 512K, 0% used [0x00000000d5b00000,0x00000000d5b00000,0x00000000d5b80000)
 ParOldGen       total 432640K, used 200558K [0x0000000080000000, 0x000000009a680000, 0x00000000d5580000)
  object space 432640K, 46% used [0x0000000080000000,0x000000008c3db850,0x000000009a680000)
 Metaspace       used 64551K, committed 65856K, reserved 1114112K
  class space    used 7897K, committed 8448K, reserved 1048576K
}
Event: 32.634 GC heap after
{Heap after GC invocations=445 (full 3):
 PSYoungGen      total 4608K, used 352K [0x00000000d5580000, 0x00000000d5b80000, 0x0000000100000000)
  eden space 4096K, 0% used [0x00000000d5580000,0x00000000d5580000,0x00000000d5980000)
  from space 512K, 68% used [0x00000000d5b00000,0x00000000d5b58000,0x00000000d5b80000)
  to   space 512K, 0% used [0x00000000d5a80000,0x00000000d5a80000,0x00000000d5b00000)
 ParOldGen       total 432640K, used 200650K [0x0000000080000000, 0x000000009a680000, 0x00000000d5580000)
  object space 432640K, 46% used [0x0000000080000000,0x000000008c3f2b78,0x000000009a680000)
 Metaspace       used 64551K, committed 65856K, reserved 1114112K
  class space    used 7897K, committed 8448K, reserved 1048576K
}

