# JRE version: OpenJDK Runtime Environment Temurin-21.0.8+9 (21.0.8+9) (build 21.0.8+9-LTS)
# Java VM: OpenJDK 64-Bit Server VM Temurin-21.0.8+9 (21.0.8+9-LTS, mixed mode, sharing, tiered, compressed oops, compressed class ptrs, parallel gc, windows-amd64)
GC Precious Log:
 CardTable entry size: 512
 CPUs: 8 total, 8 available
 Memory: 7995M
 Large Page Support: Disabled
 NUMA Support: Disabled
 Compressed Oops: Enabled (32-bit)
 Alignments: Space 512K, Generation 512K, Heap 2M
 Heap Min Capacity: 100M
 Heap Initial Capacity: 100M
 Heap Max Capacity: 2G
 Pre-touch: Disabled
 Parallel Workers: 8
Heap:
 PSYoungGen      total 2048K, used 747K [0x00000000d5580000, 0x00000000d5a00000, 0x0000000100000000)
  eden space 1024K, 19% used [0x00000000d5580000,0x00000000d55b2d20,0x00000000d5680000)
  from space 1024K, 53% used [0x00000000d5900000,0x00000000d5988000,0x00000000d5a00000)
  to   space 1024K, 0% used [0x00000000d5800000,0x00000000d5800000,0x00000000d5900000)
 ParOldGen       total 114176K, used 113960K [0x0000000080000000, 0x0000000086f80000, 0x00000000d5580000)
  object space 114176K, 99% used [0x0000000080000000,0x0000000086f4a218,0x0000000086f80000)
 Metaspace       used 58436K, committed 59776K, reserved 1114112K
  class space    used 6776K, committed 7360K, reserved 1048576K
GC Heap History (20 events):
Event: 13.200 GC heap after
{Heap after GC invocations=152 (full 2):
 PSYoungGen      total 5120K, used 256K [0x00000000d5580000, 0x00000000d5b80000, 0x0000000100000000)
  eden space 4608K, 0% used [0x00000000d5580000,0x00000000d5580000,0x00000000d5a00000)
  from space 512K, 50% used [0x00000000d5b00000,0x00000000d5b40000,0x00000000d5b80000)
  to   space 512K, 0% used [0x00000000d5a80000,0x00000000d5a80000,0x00000000d5b00000)
 ParOldGen       total 102400K, used 102375K [0x0000000080000000, 0x0000000086400000, 0x00000000d5580000)
  object space 102400K, 99% used [0x0000000080000000,0x00000000863f9d98,0x0000000086400000)
 Metaspace       used 58233K, committed 59584K, reserved 1114112K
  class space    used 6762K, committed 7360K, reserved 1048576K
}
Event: 13.244 GC heap before
{Heap before GC invocations=153 (full 2):
 PSYoungGen      total 5120K, used 4864K [0x00000000d5580000, 0x00000000d5b80000, 0x0000000100000000)
  eden space 4608K, 100% used [0x00000000d5580000,0x00000000d5a00000,0x00000000d5a00000)
  from space 512K, 50% used [0x00000000d5b00000,0x00000000d5b40000,0x00000000d5b80000)
  to   space 512K, 0% used [0x00000000d5a80000,0x00000000d5a80000,0x00000000d5b00000)
 ParOldGen       total 102400K, used 102375K [0x0000000080000000, 0x0000000086400000, 0x00000000d5580000)
  object space 102400K, 99% used [0x0000000080000000,0x00000000863f9d98,0x0000000086400000)
 Metaspace       used 58259K, committed 59648K, reserved 1114112K
  class space    used 6762K, committed 7360K, reserved 1048576K
}
Event: 13.245 GC heap after
{Heap after GC invocations=153 (full 2):
 PSYoungGen      total 5120K, used 352K [0x00000000d5580000, 0x00000000d5b80000, 0x0000000100000000)
  eden space 4608K, 0% used [0x00000000d5580000,0x00000000d5580000,0x00000000d5a00000)
  from space 512K, 68% used [0x00000000d5a80000,0x00000000d5ad8000,0x00000000d5b00000)
  to   space 512K, 0% used [0x00000000d5b00000,0x00000000d5b00000,0x00000000d5b80000)
 ParOldGen       total 102912K, used 102445K [0x0000000080000000, 0x0000000086480000, 0x00000000d5580000)
  object space 102912K, 99% used [0x0000000080000000,0x000000008640b7d8,0x0000000086480000)
 Metaspace       used 58259K, committed 59648K, reserved 1114112K
  class space    used 6762K, committed 7360K, reserved 1048576K
}
Event: 13.300 GC heap before
{Heap before GC invocations=154 (full 2):
 PSYoungGen      total 5120K, used 4960K [0x00000000d5580000, 0x00000000d5b80000, 0x0000000100000000)
  eden space 4608K, 100% used [0x00000000d5580000,0x00000000d5a00000,0x00000000d5a00000)
  from space 512K, 68% used [0x00000000d5a80000,0x00000000d5ad8000,0x00000000d5b00000)
  to   space 512K, 0% used [0x00000000d5b00000,0x00000000d5b00000,0x00000000d5b80000)
 ParOldGen       total 102912K, used 102445K [0x0000000080000000, 0x0000000086480000, 0x00000000d5580000)
  object space 102912K, 99% used [0x0000000080000000,0x000000008640b7d8,0x0000000086480000)
 Metaspace       used 58280K, committed 59648K, reserved 1114112K
  class space    used 6762K, committed 7360K, reserved 1048576K
}
Event: 13.301 GC heap after
{Heap after GC invocations=154 (full 2):
 PSYoungGen      total 5120K, used 192K [0x00000000d5580000, 0x00000000d5b80000, 0x0000000100000000)
  eden space 4608K, 0% used [0x00000000d5580000,0x00000000d5580000,0x00000000d5a00000)
  from space 512K, 37% used [0x00000000d5b00000,0x00000000d5b30000,0x00000000d5b80000)
  to   space 512K, 0% used [0x00000000d5a80000,0x00000000d5a80000,0x00000000d5b00000)
 ParOldGen       total 102912K, used 102501K [0x0000000080000000, 0x0000000086480000, 0x00000000d5580000)
  object space 102912K, 99% used [0x0000000080000000,0x00000000864197d8,0x0000000086480000)
 Metaspace       used 58280K, committed 59648K, reserved 1114112K
  class space    used 6762K, committed 7360K, reserved 1048576K
}
Event: 13.384 GC heap before
{Heap before GC invocations=155 (full 2):
 PSYoungGen      total 5120K, used 4800K [0x00000000d5580000, 0x00000000d5b80000, 0x0000000100000000)
  eden space 4608K, 100% used [0x00000000d5580000,0x00000000d5a00000,0x00000000d5a00000)
  from space 512K, 37% used [0x00000000d5b00000,0x00000000d5b30000,0x00000000d5b80000)
  to   space 512K, 0% used [0x00000000d5a80000,0x00000000d5a80000,0x00000000d5b00000)
 ParOldGen       total 102912K, used 102501K [0x0000000080000000, 0x0000000086480000, 0x00000000d5580000)
  object space 102912K, 99% used [0x0000000080000000,0x00000000864197d8,0x0000000086480000)
 Metaspace       used 58329K, committed 59648K, reserved 1114112K
  class space    used 6764K, committed 7360K, reserved 1048576K
}
Event: 13.386 GC heap after
{Heap after GC invocations=155 (full 2):
 PSYoungGen      total 5120K, used 256K [0x00000000d5580000, 0x00000000d5b80000, 0x0000000100000000)
  eden space 4608K, 0% used [0x00000000d5580000,0x00000000d5580000,0x00000000d5a00000)
  from space 512K, 50% used [0x00000000d5a80000,0x00000000d5ac0000,0x00000000d5b00000)
  to   space 512K, 0% used [0x00000000d5b00000,0x00000000d5b00000,0x00000000d5b80000)
 ParOldGen       total 102912K, used 102533K [0x0000000080000000, 0x0000000086480000, 0x00000000d5580000)
  object space 102912K, 99% used [0x0000000080000000,0x00000000864217d8,0x0000000086480000)
 Metaspace       used 58329K, committed 59648K, reserved 1114112K
  class space    used 6764K, committed 7360K, reserved 1048576K
}
Event: 13.414 GC heap before
{Heap before GC invocations=156 (full 2):
 PSYoungGen      total 5120K, used 4864K [0x00000000d5580000, 0x00000000d5b80000, 0x0000000100000000)
  eden space 4608K, 100% used [0x00000000d5580000,0x00000000d5a00000,0x00000000d5a00000)
  from space 512K, 50% used [0x00000000d5a80000,0x00000000d5ac0000,0x00000000d5b00000)
  to   space 512K, 0% used [0x00000000d5b00000,0x00000000d5b00000,0x00000000d5b80000)
 ParOldGen       total 102912K, used 102533K [0x0000000080000000, 0x0000000086480000, 0x00000000d5580000)
  object space 102912K, 99% used [0x0000000080000000,0x00000000864217d8,0x0000000086480000)
 Metaspace       used 58387K, committed 59776K, reserved 1114112K
  class space    used 6772K, committed 7360K, reserved 1048576K
}
Event: 13.415 GC heap after
{Heap after GC invocations=156 (full 2):
 PSYoungGen      total 3072K, used 511K [0x00000000d5580000, 0x00000000d6000000, 0x0000000100000000)
  eden space 2560K, 0% used [0x00000000d5580000,0x00000000d5580000,0x00000000d5800000)
  from space 512K, 99% used [0x00000000d5b00000,0x00000000d5b7fcb0,0x00000000d5b80000)
  to   space 3072K, 0% used [0x00000000d5800000,0x00000000d5800000,0x00000000d5b00000)
 ParOldGen       total 104960K, used 104513K [0x0000000080000000, 0x0000000086680000, 0x00000000d5580000)
  object space 104960K, 99% used [0x0000000080000000,0x0000000086610558,0x0000000086680000)
 Metaspace       used 58387K, committed 59776K, reserved 1114112K
  class space    used 6772K, committed 7360K, reserved 1048576K
}
Event: 13.420 GC heap before
{Heap before GC invocations=157 (full 2):
 PSYoungGen      total 3072K, used 3071K [0x00000000d5580000, 0x00000000d6000000, 0x0000000100000000)
  eden space 2560K, 100% used [0x00000000d5580000,0x00000000d5800000,0x00000000d5800000)
  from space 512K, 99% used [0x00000000d5b00000,0x00000000d5b7fcb0,0x00000000d5b80000)
  to   space 3072K, 0% used [0x00000000d5800000,0x00000000d5800000,0x00000000d5b00000)
 ParOldGen       total 104960K, used 104513K [0x0000000080000000, 0x0000000086680000, 0x00000000d5580000)
  object space 104960K, 99% used [0x0000000080000000,0x0000000086610558,0x0000000086680000)
 Metaspace       used 58387K, committed 59776K, reserved 1114112K
  class space    used 6772K, committed 7360K, reserved 1048576K
}
Event: 13.422 GC heap after
{Heap after GC invocations=157 (full 2):
 PSYoungGen      total 5120K, used 2272K [0x00000000d5580000, 0x00000000d5d00000, 0x0000000100000000)
  eden space 2560K, 0% used [0x00000000d5580000,0x00000000d5580000,0x00000000d5800000)
  from space 2560K, 88% used [0x00000000d5800000,0x00000000d5a38000,0x00000000d5a80000)
  to   space 2560K, 0% used [0x00000000d5a80000,0x00000000d5a80000,0x00000000d5d00000)
 ParOldGen       total 105472K, used 105056K [0x0000000080000000, 0x0000000086700000, 0x00000000d5580000)
  object space 105472K, 99% used [0x0000000080000000,0x0000000086698208,0x0000000086700000)
 Metaspace       used 58387K, committed 59776K, reserved 1114112K
  class space    used 6772K, committed 7360K, reserved 1048576K
}
Event: 13.432 GC heap before
{Heap before GC invocations=158 (full 2):
 PSYoungGen      total 5120K, used 4832K [0x00000000d5580000, 0x00000000d5d00000, 0x0000000100000000)
  eden space 2560K, 100% used [0x00000000d5580000,0x00000000d5800000,0x00000000d5800000)
  from space 2560K, 88% used [0x00000000d5800000,0x00000000d5a38000,0x00000000d5a80000)
  to   space 2560K, 0% used [0x00000000d5a80000,0x00000000d5a80000,0x00000000d5d00000)
 ParOldGen       total 105472K, used 105056K [0x0000000080000000, 0x0000000086700000, 0x00000000d5580000)
  object space 105472K, 99% used [0x0000000080000000,0x0000000086698208,0x0000000086700000)
 Metaspace       used 58411K, committed 59776K, reserved 1114112K
  class space    used 6773K, committed 7360K, reserved 1048576K
}
Event: 13.435 GC heap after
{Heap after GC invocations=158 (full 2):
 PSYoungGen      total 4608K, used 1872K [0x00000000d5580000, 0x00000000d5c80000, 0x0000000100000000)
  eden space 2560K, 0% used [0x00000000d5580000,0x00000000d5580000,0x00000000d5800000)
  from space 2048K, 91% used [0x00000000d5a80000,0x00000000d5c54010,0x00000000d5c80000)
  to   space 2048K, 0% used [0x00000000d5880000,0x00000000d5880000,0x00000000d5a80000)
 ParOldGen       total 107520K, used 107192K [0x0000000080000000, 0x0000000086900000, 0x00000000d5580000)
  object space 107520K, 99% used [0x0000000080000000,0x00000000868ae208,0x0000000086900000)
 Metaspace       used 58411K, committed 59776K, reserved 1114112K
  class space    used 6773K, committed 7360K, reserved 1048576K
}
Event: 13.445 GC heap before
{Heap before GC invocations=159 (full 2):
 PSYoungGen      total 4608K, used 4432K [0x00000000d5580000, 0x00000000d5c80000, 0x0000000100000000)
  eden space 2560K, 100% used [0x00000000d5580000,0x00000000d5800000,0x00000000d5800000)
  from space 2048K, 91% used [0x00000000d5a80000,0x00000000d5c54010,0x00000000d5c80000)
  to   space 2048K, 0% used [0x00000000d5880000,0x00000000d5880000,0x00000000d5a80000)
 ParOldGen       total 107520K, used 107192K [0x0000000080000000, 0x0000000086900000, 0x00000000d5580000)
  object space 107520K, 99% used [0x0000000080000000,0x00000000868ae208,0x0000000086900000)
 Metaspace       used 58433K, committed 59776K, reserved 1114112K
  class space    used 6775K, committed 7360K, reserved 1048576K
}
Event: 14.461 GC heap after
{Heap after GC invocations=159 (full 2):
 PSYoungGen      total 5120K, used 1920K [0x00000000d5580000, 0x00000000d5c80000, 0x0000000100000000)
  eden space 3072K, 0% used [0x00000000d5580000,0x00000000d5580000,0x00000000d5880000)
  from space 2048K, 93% used [0x00000000d5880000,0x00000000d5a60000,0x00000000d5a80000)
  to   space 2048K, 0% used [0x00000000d5a80000,0x00000000d5a80000,0x00000000d5c80000)
 ParOldGen       total 109056K, used 108936K [0x0000000080000000, 0x0000000086a80000, 0x00000000d5580000)
  object space 109056K, 99% used [0x0000000080000000,0x0000000086a62218,0x0000000086a80000)
 Metaspace       used 58433K, committed 59776K, reserved 1114112K
  class space    used 6775K, committed 7360K, reserved 1048576K
}
Event: 14.480 GC heap before
{Heap before GC invocations=160 (full 2):
 PSYoungGen      total 5120K, used 4992K [0x00000000d5580000, 0x00000000d5c80000, 0x0000000100000000)
  eden space 3072K, 100% used [0x00000000d5580000,0x00000000d5880000,0x00000000d5880000)
  from space 2048K, 93% used [0x00000000d5880000,0x00000000d5a60000,0x00000000d5a80000)
  to   space 2048K, 0% used [0x00000000d5a80000,0x00000000d5a80000,0x00000000d5c80000)
 ParOldGen       total 109056K, used 108936K [0x0000000080000000, 0x0000000086a80000, 0x00000000d5580000)
  object space 109056K, 99% used [0x0000000080000000,0x0000000086a62218,0x0000000086a80000)
 Metaspace       used 58436K, committed 59776K, reserved 1114112K
  class space    used 6776K, committed 7360K, reserved 1048576K
}
Event: 14.484 GC heap after
{Heap after GC invocations=160 (full 2):
 PSYoungGen      total 2560K, used 2048K [0x00000000d5580000, 0x00000000d6380000, 0x0000000100000000)
  eden space 512K, 0% used [0x00000000d5580000,0x00000000d5580000,0x00000000d5600000)
  from space 2048K, 100% used [0x00000000d5a80000,0x00000000d5c80000,0x00000000d5c80000)
  to   space 4608K, 0% used [0x00000000d5600000,0x00000000d5600000,0x00000000d5a80000)
 ParOldGen       total 111616K, used 111392K [0x0000000080000000, 0x0000000086d00000, 0x00000000d5580000)
  object space 111616K, 99% used [0x0000000080000000,0x0000000086cc8218,0x0000000086d00000)
 Metaspace       used 58436K, committed 59776K, reserved 1114112K
  class space    used 6776K, committed 7360K, reserved 1048576K
}
Event: 14.488 GC heap before
{Heap before GC invocations=161 (full 2):
 PSYoungGen      total 2560K, used 2560K [0x00000000d5580000, 0x00000000d6380000, 0x0000000100000000)
  eden space 512K, 100% used [0x00000000d5580000,0x00000000d5600000,0x00000000d5600000)
  from space 2048K, 100% used [0x00000000d5a80000,0x00000000d5c80000,0x00000000d5c80000)
  to   space 4608K, 0% used [0x00000000d5600000,0x00000000d5600000,0x00000000d5a80000)
 ParOldGen       total 111616K, used 111392K [0x0000000080000000, 0x0000000086d00000, 0x00000000d5580000)
  object space 111616K, 99% used [0x0000000080000000,0x0000000086cc8218,0x0000000086d00000)
 Metaspace       used 58436K, committed 59776K, reserved 1114112K
  class space    used 6776K, committed 7360K, reserved 1048576K
}
Event: 15.500 GC heap after
{Heap after GC invocations=161 (full 2):
 PSYoungGen      total 1536K, used 544K [0x00000000d5580000, 0x00000000d5b00000, 0x0000000100000000)
  eden space 512K, 0% used [0x00000000d5580000,0x00000000d5580000,0x00000000d5600000)
  from space 1024K, 53% used [0x00000000d5600000,0x00000000d5688000,0x00000000d5700000)
  to   space 2048K, 0% used [0x00000000d5900000,0x00000000d5900000,0x00000000d5b00000)
 ParOldGen       total 113664K, used 113504K [0x0000000080000000, 0x0000000086f00000, 0x00000000d5580000)
  object space 113664K, 99% used [0x0000000080000000,0x0000000086ed8218,0x0000000086f00000)
 Metaspace       used 58436K, committed 59776K, reserved 1114112K
  class space    used 6776K, committed 7360K, reserved 1048576K
}
Event: 15.505 GC heap before
{Heap before GC invocations=162 (full 2):
 PSYoungGen      total 1536K, used 1056K [0x00000000d5580000, 0x00000000d5b00000, 0x0000000100000000)
  eden space 512K, 100% used [0x00000000d5580000,0x00000000d5600000,0x00000000d5600000)
  from space 1024K, 53% used [0x00000000d5600000,0x00000000d5688000,0x00000000d5700000)
  to   space 2048K, 0% used [0x00000000d5900000,0x00000000d5900000,0x00000000d5b00000)
 ParOldGen       total 113664K, used 113504K [0x0000000080000000, 0x0000000086f00000, 0x00000000d5580000)
  object space 113664K, 99% used [0x0000000080000000,0x0000000086ed8218,0x0000000086f00000)
 Metaspace       used 58436K, committed 59776K, reserved 1114112K
  class space    used 6776K, committed 7360K, reserved 1048576K
}

