# JRE version: Java(TM) SE Runtime Environment (17.0.12+8) (build 17.0.12+8-LTS-286)
# Java VM: Java HotSpot(TM) 64-Bit Server VM (17.0.12+8-LTS-286, mixed mode, sharing, tiered, compressed oops, compressed class ptrs, g1 gc, windows-amd64)
GC Precious Log:
 CPUs: 8 total, 8 available
 Memory: 7995M
 Large Page Support: Disabled
 NUMA Support: Disabled
 Compressed Oops: Enabled (32-bit)
 Heap Region Size: 1M
 Heap Min Capacity: 8M
 Heap Initial Capacity: 126M
 Heap Max Capacity: 2G
 Pre-touch: Disabled
 Parallel Workers: 8
 Concurrent Workers: 2
 Concurrent Refinement Workers: 8
 Periodic GC: Disabled
Heap:
 garbage-first heap   total 129024K, used 50384K [0x0000000080000000, 0x0000000100000000)
  region size 1024K, 39 young (39936K), 10 survivors (10240K)
 Metaspace       used 20182K, committed 20480K, reserved 491520K
  class space    used 2953K, committed 3136K, reserved 425984K
GC Heap History (8 events):
Event: 1.169 GC heap before
{Heap before GC invocations=0 (full 0):
 garbage-first heap   total 129024K, used 23552K [0x0000000080000000, 0x0000000100000000)
  region size 1024K, 23 young (23552K), 0 survivors (0K)
 Metaspace       used 1029K, committed 1152K, reserved 491520K
  class space    used 73K, committed 128K, reserved 425984K
}
Event: 1.179 GC heap after
{Heap after GC invocations=1 (full 0):
 garbage-first heap   total 129024K, used 1962K [0x0000000080000000, 0x0000000100000000)
  region size 1024K, 2 young (2048K), 2 survivors (2048K)
 Metaspace       used 1029K, committed 1152K, reserved 491520K
  class space    used 73K, committed 128K, reserved 425984K
}
Event: 2.992 GC heap before
{Heap before GC invocations=1 (full 0):
 garbage-first heap   total 129024K, used 39850K [0x0000000080000000, 0x0000000100000000)
  region size 1024K, 37 young (37888K), 2 survivors (2048K)
 Metaspace       used 4366K, committed 4544K, reserved 491520K
  class space    used 546K, committed 640K, reserved 425984K
}
Event: 3.006 GC heap after
{Heap after GC invocations=2 (full 0):
 garbage-first heap   total 129024K, used 10756K [0x0000000080000000, 0x0000000100000000)
  region size 1024K, 5 young (5120K), 5 survivors (5120K)
 Metaspace       used 4366K, committed 4544K, reserved 491520K
  class space    used 546K, committed 640K, reserved 425984K
}
Event: 4.555 GC heap before
{Heap before GC invocations=2 (full 0):
 garbage-first heap   total 129024K, used 58884K [0x0000000080000000, 0x0000000100000000)
  region size 1024K, 50 young (51200K), 5 survivors (5120K)
 Metaspace       used 4594K, committed 4800K, reserved 491520K
  class space    used 571K, committed 640K, reserved 425984K
}
Event: 4.572 GC heap after
{Heap after GC invocations=3 (full 0):
 garbage-first heap   total 129024K, used 16205K [0x0000000080000000, 0x0000000100000000)
  region size 1024K, 5 young (5120K), 5 survivors (5120K)
 Metaspace       used 4594K, committed 4800K, reserved 491520K
  class space    used 571K, committed 640K, reserved 425984K
}
Event: 7.993 GC heap before
{Heap before GC invocations=3 (full 0):
 garbage-first heap   total 129024K, used 87885K [0x0000000080000000, 0x0000000100000000)
  region size 1024K, 75 young (76800K), 5 survivors (5120K)
 Metaspace       used 17030K, committed 17344K, reserved 491520K
  class space    used 2410K, committed 2560K, reserved 425984K
}
Event: 8.007 GC heap after
{Heap after GC invocations=4 (full 0):
 garbage-first heap   total 129024K, used 21712K [0x0000000080000000, 0x0000000100000000)
  region size 1024K, 10 young (10240K), 10 survivors (10240K)
 Metaspace       used 17030K, committed 17344K, reserved 491520K
  class space    used 2410K, committed 2560K, reserved 425984K
}

