# JRE version: OpenJDK Runtime Environment Temurin-21.0.8+9 (21.0.8+9) (build 21.0.8+9-LTS)
# Java VM: OpenJDK 64-Bit Server VM Temurin-21.0.8+9 (21.0.8+9-LTS, mixed mode, sharing, tiered, compressed oops, compressed class ptrs, parallel gc, windows-amd64)
GC Precious Log:
 CardTable entry size: 512
 CPUs: 8 total, 8 available
 Memory: 7995M
 Large Page Support: Disabled
 NUMA Support: Disabled
 Compressed Oops: Enabled (32-bit)
 Alignments: Space 512K, Generation 512K, Heap 2M
 Heap Min Capacity: 100M
 Heap Initial Capacity: 100M
 Heap Max Capacity: 2G
 Pre-touch: Disabled
 Parallel Workers: 8
Heap:
 PSYoungGen      total 12288K, used 6850K [0x00000000d5580000, 0x00000000d6400000, 0x0000000100000000)
  eden space 11776K, 58% used [0x00000000d5580000,0x00000000d5c30b80,0x00000000d6100000)
  from space 512K, 0% used [0x00000000d6380000,0x00000000d6380000,0x00000000d6400000)
  to   space 512K, 0% used [0x00000000d6300000,0x00000000d6300000,0x00000000d6380000)
 ParOldGen       total 68608K, used 31894K [0x0000000080000000, 0x0000000084300000, 0x00000000d5580000)
  object space 68608K, 46% used [0x0000000080000000,0x0000000081f25a08,0x0000000084300000)
 Metaspace       used 35187K, committed 36224K, reserved 1114112K
  class space    used 3602K, committed 4032K, reserved 1048576K
GC Heap History (20 events):
Event: 5.306 GC heap before
{Heap before GC invocations=19 (full 1):
 PSYoungGen      total 13312K, used 12320K [0x00000000d5580000, 0x00000000d6580000, 0x0000000100000000)
  eden space 11776K, 100% used [0x00000000d5580000,0x00000000d6100000,0x00000000d6100000)
  from space 1536K, 35% used [0x00000000d6300000,0x00000000d6388000,0x00000000d6480000)
  to   space 1024K, 0% used [0x00000000d6480000,0x00000000d6480000,0x00000000d6580000)
 ParOldGen       total 68608K, used 29670K [0x0000000080000000, 0x0000000084300000, 0x00000000d5580000)
  object space 68608K, 43% used [0x0000000080000000,0x0000000081cf9bc0,0x0000000084300000)
 Metaspace       used 29046K, committed 29952K, reserved 1114112K
  class space    used 2832K, committed 3264K, reserved 1048576K
}
Event: 5.309 GC heap after
{Heap after GC invocations=19 (full 1):
 PSYoungGen      total 12800K, used 704K [0x00000000d5580000, 0x00000000d6580000, 0x0000000100000000)
  eden space 11776K, 0% used [0x00000000d5580000,0x00000000d5580000,0x00000000d6100000)
  from space 1024K, 68% used [0x00000000d6480000,0x00000000d6530000,0x00000000d6580000)
  to   space 1024K, 0% used [0x00000000d6380000,0x00000000d6380000,0x00000000d6480000)
 ParOldGen       total 68608K, used 30057K [0x0000000080000000, 0x0000000084300000, 0x00000000d5580000)
  object space 68608K, 43% used [0x0000000080000000,0x0000000081d5a560,0x0000000084300000)
 Metaspace       used 29046K, committed 29952K, reserved 1114112K
  class space    used 2832K, committed 3264K, reserved 1048576K
}
Event: 5.587 GC heap before
{Heap before GC invocations=20 (full 1):
 PSYoungGen      total 12800K, used 12471K [0x00000000d5580000, 0x00000000d6580000, 0x0000000100000000)
  eden space 11776K, 99% used [0x00000000d5580000,0x00000000d60fdce8,0x00000000d6100000)
  from space 1024K, 68% used [0x00000000d6480000,0x00000000d6530000,0x00000000d6580000)
  to   space 1024K, 0% used [0x00000000d6380000,0x00000000d6380000,0x00000000d6480000)
 ParOldGen       total 68608K, used 30057K [0x0000000080000000, 0x0000000084300000, 0x00000000d5580000)
  object space 68608K, 43% used [0x0000000080000000,0x0000000081d5a560,0x0000000084300000)
 Metaspace       used 30648K, committed 31616K, reserved 1114112K
  class space    used 2993K, committed 3392K, reserved 1048576K
}
Event: 5.591 GC heap after
{Heap after GC invocations=20 (full 1):
 PSYoungGen      total 12800K, used 810K [0x00000000d5580000, 0x00000000d6500000, 0x0000000100000000)
  eden space 11776K, 0% used [0x00000000d5580000,0x00000000d5580000,0x00000000d6100000)
  from space 1024K, 79% used [0x00000000d6380000,0x00000000d644abc8,0x00000000d6480000)
  to   space 512K, 0% used [0x00000000d6480000,0x00000000d6480000,0x00000000d6500000)
 ParOldGen       total 68608K, used 30617K [0x0000000080000000, 0x0000000084300000, 0x00000000d5580000)
  object space 68608K, 44% used [0x0000000080000000,0x0000000081de6560,0x0000000084300000)
 Metaspace       used 30648K, committed 31616K, reserved 1114112K
  class space    used 2993K, committed 3392K, reserved 1048576K
}
Event: 5.792 GC heap before
{Heap before GC invocations=21 (full 1):
 PSYoungGen      total 12800K, used 12586K [0x00000000d5580000, 0x00000000d6500000, 0x0000000100000000)
  eden space 11776K, 100% used [0x00000000d5580000,0x00000000d6100000,0x00000000d6100000)
  from space 1024K, 79% used [0x00000000d6380000,0x00000000d644abc8,0x00000000d6480000)
  to   space 512K, 0% used [0x00000000d6480000,0x00000000d6480000,0x00000000d6500000)
 ParOldGen       total 68608K, used 30617K [0x0000000080000000, 0x0000000084300000, 0x00000000d5580000)
  object space 68608K, 44% used [0x0000000080000000,0x0000000081de6560,0x0000000084300000)
 Metaspace       used 32130K, committed 33152K, reserved 1114112K
  class space    used 3182K, committed 3648K, reserved 1048576K
}
Event: 5.795 GC heap after
{Heap after GC invocations=21 (full 1):
 PSYoungGen      total 12288K, used 512K [0x00000000d5580000, 0x00000000d6500000, 0x0000000100000000)
  eden space 11776K, 0% used [0x00000000d5580000,0x00000000d5580000,0x00000000d6100000)
  from space 512K, 100% used [0x00000000d6480000,0x00000000d6500000,0x00000000d6500000)
  to   space 1536K, 0% used [0x00000000d6200000,0x00000000d6200000,0x00000000d6380000)
 ParOldGen       total 68608K, used 31311K [0x0000000080000000, 0x0000000084300000, 0x00000000d5580000)
  object space 68608K, 45% used [0x0000000080000000,0x0000000081e93cc8,0x0000000084300000)
 Metaspace       used 32130K, committed 33152K, reserved 1114112K
  class space    used 3182K, committed 3648K, reserved 1048576K
}
Event: 5.867 GC heap before
{Heap before GC invocations=22 (full 1):
 PSYoungGen      total 12288K, used 12288K [0x00000000d5580000, 0x00000000d6500000, 0x0000000100000000)
  eden space 11776K, 100% used [0x00000000d5580000,0x00000000d6100000,0x00000000d6100000)
  from space 512K, 100% used [0x00000000d6480000,0x00000000d6500000,0x00000000d6500000)
  to   space 1536K, 0% used [0x00000000d6200000,0x00000000d6200000,0x00000000d6380000)
 ParOldGen       total 68608K, used 31311K [0x0000000080000000, 0x0000000084300000, 0x00000000d5580000)
  object space 68608K, 45% used [0x0000000080000000,0x0000000081e93cc8,0x0000000084300000)
 Metaspace       used 32392K, committed 33344K, reserved 1114112K
  class space    used 3229K, committed 3648K, reserved 1048576K
}
Event: 5.871 GC heap after
{Heap after GC invocations=22 (full 1):
 PSYoungGen      total 13312K, used 256K [0x00000000d5580000, 0x00000000d6500000, 0x0000000100000000)
  eden space 11776K, 0% used [0x00000000d5580000,0x00000000d5580000,0x00000000d6100000)
  from space 1536K, 16% used [0x00000000d6200000,0x00000000d6240000,0x00000000d6380000)
  to   space 1024K, 0% used [0x00000000d6400000,0x00000000d6400000,0x00000000d6500000)
 ParOldGen       total 68608K, used 31762K [0x0000000080000000, 0x0000000084300000, 0x00000000d5580000)
  object space 68608K, 46% used [0x0000000080000000,0x0000000081f04b00,0x0000000084300000)
 Metaspace       used 32392K, committed 33344K, reserved 1114112K
  class space    used 3229K, committed 3648K, reserved 1048576K
}
Event: 5.948 GC heap before
{Heap before GC invocations=23 (full 1):
 PSYoungGen      total 13312K, used 12032K [0x00000000d5580000, 0x00000000d6500000, 0x0000000100000000)
  eden space 11776K, 100% used [0x00000000d5580000,0x00000000d6100000,0x00000000d6100000)
  from space 1536K, 16% used [0x00000000d6200000,0x00000000d6240000,0x00000000d6380000)
  to   space 1024K, 0% used [0x00000000d6400000,0x00000000d6400000,0x00000000d6500000)
 ParOldGen       total 68608K, used 31762K [0x0000000080000000, 0x0000000084300000, 0x00000000d5580000)
  object space 68608K, 46% used [0x0000000080000000,0x0000000081f04b00,0x0000000084300000)
 Metaspace       used 32657K, committed 33664K, reserved 1114112K
  class space    used 3265K, committed 3712K, reserved 1048576K
}
Event: 5.951 GC heap after
{Heap after GC invocations=23 (full 1):
 PSYoungGen      total 12288K, used 256K [0x00000000d5580000, 0x00000000d6480000, 0x0000000100000000)
  eden space 11776K, 0% used [0x00000000d5580000,0x00000000d5580000,0x00000000d6100000)
  from space 512K, 50% used [0x00000000d6400000,0x00000000d6440000,0x00000000d6480000)
  to   space 512K, 0% used [0x00000000d6380000,0x00000000d6380000,0x00000000d6400000)
 ParOldGen       total 68608K, used 31850K [0x0000000080000000, 0x0000000084300000, 0x00000000d5580000)
  object space 68608K, 46% used [0x0000000080000000,0x0000000081f1ab00,0x0000000084300000)
 Metaspace       used 32657K, committed 33664K, reserved 1114112K
  class space    used 3265K, committed 3712K, reserved 1048576K
}
Event: 6.039 GC heap before
{Heap before GC invocations=24 (full 1):
 PSYoungGen      total 12288K, used 12032K [0x00000000d5580000, 0x00000000d6480000, 0x0000000100000000)
  eden space 11776K, 100% used [0x00000000d5580000,0x00000000d6100000,0x00000000d6100000)
  from space 512K, 50% used [0x00000000d6400000,0x00000000d6440000,0x00000000d6480000)
  to   space 512K, 0% used [0x00000000d6380000,0x00000000d6380000,0x00000000d6400000)
 ParOldGen       total 68608K, used 31850K [0x0000000080000000, 0x0000000084300000, 0x00000000d5580000)
  object space 68608K, 46% used [0x0000000080000000,0x0000000081f1ab00,0x0000000084300000)
 Metaspace       used 32894K, committed 33856K, reserved 1114112K
  class space    used 3299K, committed 3712K, reserved 1048576K
}
Event: 6.042 GC heap after
{Heap after GC invocations=24 (full 1):
 PSYoungGen      total 12288K, used 320K [0x00000000d5580000, 0x00000000d6480000, 0x0000000100000000)
  eden space 11776K, 0% used [0x00000000d5580000,0x00000000d5580000,0x00000000d6100000)
  from space 512K, 62% used [0x00000000d6380000,0x00000000d63d0000,0x00000000d6400000)
  to   space 512K, 0% used [0x00000000d6400000,0x00000000d6400000,0x00000000d6480000)
 ParOldGen       total 68608K, used 31954K [0x0000000080000000, 0x0000000084300000, 0x00000000d5580000)
  object space 68608K, 46% used [0x0000000080000000,0x0000000081f34b00,0x0000000084300000)
 Metaspace       used 32894K, committed 33856K, reserved 1114112K
  class space    used 3299K, committed 3712K, reserved 1048576K
}
Event: 6.344 GC heap before
{Heap before GC invocations=25 (full 1):
 PSYoungGen      total 12288K, used 12096K [0x00000000d5580000, 0x00000000d6480000, 0x0000000100000000)
  eden space 11776K, 100% used [0x00000000d5580000,0x00000000d6100000,0x00000000d6100000)
  from space 512K, 62% used [0x00000000d6380000,0x00000000d63d0000,0x00000000d6400000)
  to   space 512K, 0% used [0x00000000d6400000,0x00000000d6400000,0x00000000d6480000)
 ParOldGen       total 68608K, used 31954K [0x0000000080000000, 0x0000000084300000, 0x00000000d5580000)
  object space 68608K, 46% used [0x0000000080000000,0x0000000081f34b00,0x0000000084300000)
 Metaspace       used 33838K, committed 34816K, reserved 1114112K
  class space    used 3412K, committed 3840K, reserved 1048576K
}
Event: 6.345 GC heap after
{Heap after GC invocations=25 (full 1):
 PSYoungGen      total 12288K, used 496K [0x00000000d5580000, 0x00000000d6480000, 0x0000000100000000)
  eden space 11776K, 0% used [0x00000000d5580000,0x00000000d5580000,0x00000000d6100000)
  from space 512K, 96% used [0x00000000d6400000,0x00000000d647c010,0x00000000d6480000)
  to   space 1024K, 0% used [0x00000000d6280000,0x00000000d6280000,0x00000000d6380000)
 ParOldGen       total 68608K, used 32315K [0x0000000080000000, 0x0000000084300000, 0x00000000d5580000)
  object space 68608K, 47% used [0x0000000080000000,0x0000000081f8ef40,0x0000000084300000)
 Metaspace       used 33838K, committed 34816K, reserved 1114112K
  class space    used 3412K, committed 3840K, reserved 1048576K
}
Event: 6.429 GC heap before
{Heap before GC invocations=26 (full 1):
 PSYoungGen      total 12288K, used 12272K [0x00000000d5580000, 0x00000000d6480000, 0x0000000100000000)
  eden space 11776K, 100% used [0x00000000d5580000,0x00000000d6100000,0x00000000d6100000)
  from space 512K, 96% used [0x00000000d6400000,0x00000000d647c010,0x00000000d6480000)
  to   space 1024K, 0% used [0x00000000d6280000,0x00000000d6280000,0x00000000d6380000)
 ParOldGen       total 68608K, used 32315K [0x0000000080000000, 0x0000000084300000, 0x00000000d5580000)
  object space 68608K, 47% used [0x0000000080000000,0x0000000081f8ef40,0x0000000084300000)
 Metaspace       used 34753K, committed 35840K, reserved 1114112K
  class space    used 3539K, committed 3968K, reserved 1048576K
}
Event: 6.431 GC heap after
{Heap after GC invocations=26 (full 1):
 PSYoungGen      total 12800K, used 1008K [0x00000000d5580000, 0x00000000d6480000, 0x0000000100000000)
  eden space 11776K, 0% used [0x00000000d5580000,0x00000000d5580000,0x00000000d6100000)
  from space 1024K, 98% used [0x00000000d6280000,0x00000000d637c000,0x00000000d6380000)
  to   space 1024K, 0% used [0x00000000d6380000,0x00000000d6380000,0x00000000d6480000)
 ParOldGen       total 68608K, used 32765K [0x0000000080000000, 0x0000000084300000, 0x00000000d5580000)
  object space 68608K, 47% used [0x0000000080000000,0x0000000081fff7d8,0x0000000084300000)
 Metaspace       used 34753K, committed 35840K, reserved 1114112K
  class space    used 3539K, committed 3968K, reserved 1048576K
}
Event: 6.439 GC heap before
{Heap before GC invocations=27 (full 1):
 PSYoungGen      total 12800K, used 1969K [0x00000000d5580000, 0x00000000d6480000, 0x0000000100000000)
  eden space 11776K, 8% used [0x00000000d5580000,0x00000000d56705e0,0x00000000d6100000)
  from space 1024K, 98% used [0x00000000d6280000,0x00000000d637c000,0x00000000d6380000)
  to   space 1024K, 0% used [0x00000000d6380000,0x00000000d6380000,0x00000000d6480000)
 ParOldGen       total 68608K, used 32765K [0x0000000080000000, 0x0000000084300000, 0x00000000d5580000)
  object space 68608K, 47% used [0x0000000080000000,0x0000000081fff7d8,0x0000000084300000)
 Metaspace       used 34818K, committed 35840K, reserved 1114112K
  class space    used 3546K, committed 3968K, reserved 1048576K
}
Event: 6.441 GC heap after
{Heap after GC invocations=27 (full 1):
 PSYoungGen      total 12288K, used 192K [0x00000000d5580000, 0x00000000d6400000, 0x0000000100000000)
  eden space 11776K, 0% used [0x00000000d5580000,0x00000000d5580000,0x00000000d6100000)
  from space 512K, 37% used [0x00000000d6380000,0x00000000d63b0000,0x00000000d6400000)
  to   space 512K, 0% used [0x00000000d6300000,0x00000000d6300000,0x00000000d6380000)
 ParOldGen       total 68608K, used 33598K [0x0000000080000000, 0x0000000084300000, 0x00000000d5580000)
  object space 68608K, 48% used [0x0000000080000000,0x00000000820cfa60,0x0000000084300000)
 Metaspace       used 34818K, committed 35840K, reserved 1114112K
  class space    used 3546K, committed 3968K, reserved 1048576K
}
Event: 6.441 GC heap before
{Heap before GC invocations=28 (full 2):
 PSYoungGen      total 12288K, used 192K [0x00000000d5580000, 0x00000000d6400000, 0x0000000100000000)
  eden space 11776K, 0% used [0x00000000d5580000,0x00000000d5580000,0x00000000d6100000)
  from space 512K, 37% used [0x00000000d6380000,0x00000000d63b0000,0x00000000d6400000)
  to   space 512K, 0% used [0x00000000d6300000,0x00000000d6300000,0x00000000d6380000)
 ParOldGen       total 68608K, used 33598K [0x0000000080000000, 0x0000000084300000, 0x00000000d5580000)
  object space 68608K, 48% used [0x0000000080000000,0x00000000820cfa60,0x0000000084300000)
 Metaspace       used 34818K, committed 35840K, reserved 1114112K
  class space    used 3546K, committed 3968K, reserved 1048576K
}
Event: 6.494 GC heap after
{Heap after GC invocations=28 (full 2):
 PSYoungGen      total 12288K, used 0K [0x00000000d5580000, 0x00000000d6400000, 0x0000000100000000)
  eden space 11776K, 0% used [0x00000000d5580000,0x00000000d5580000,0x00000000d6100000)
  from space 512K, 0% used [0x00000000d6380000,0x00000000d6380000,0x00000000d6400000)
  to   space 512K, 0% used [0x00000000d6300000,0x00000000d6300000,0x00000000d6380000)
 ParOldGen       total 68608K, used 31894K [0x0000000080000000, 0x0000000084300000, 0x00000000d5580000)
  object space 68608K, 46% used [0x0000000080000000,0x0000000081f25a08,0x0000000084300000)
 Metaspace       used 34811K, committed 35840K, reserved 1114112K
  class space    used 3544K, committed 3968K, reserved 1048576K
}

