# JRE version: OpenJDK Runtime Environment Temurin-21.0.8+9 (21.0.8+9) (build 21.0.8+9-LTS)
# Java VM: OpenJDK 64-Bit Server VM Temurin-21.0.8+9 (21.0.8+9-LTS, mixed mode, sharing, tiered, compressed oops, compressed class ptrs, parallel gc, windows-amd64)
GC Precious Log:
 CardTable entry size: 512
 CPUs: 8 total, 8 available
 Memory: 7995M
 Large Page Support: Disabled
 NUMA Support: Disabled
 Compressed Oops: Enabled (32-bit)
 Alignments: Space 512K, Generation 512K, Heap 2M
 Heap Min Capacity: 100M
 Heap Initial Capacity: 100M
 Heap Max Capacity: 2G
 Pre-touch: Disabled
 Parallel Workers: 8
Heap:
 PSYoungGen      total 3072K, used 3007K [0x00000000d5580000, 0x00000000d5980000, 0x0000000100000000)
  eden space 2048K, 99% used [0x00000000d5580000,0x00000000d577fff0,0x00000000d5780000)
  from space 1024K, 93% used [0x00000000d5880000,0x00000000d5970000,0x00000000d5980000)
  to   space 1024K, 100% used [0x00000000d5780000,0x00000000d5880000,0x00000000d5880000)
 ParOldGen       total 119296K, used 119291K [0x0000000080000000, 0x0000000087480000, 0x00000000d5580000)
  object space 119296K, 99% used [0x0000000080000000,0x000000008747ed70,0x0000000087480000)
 Metaspace       used 58401K, committed 59712K, reserved 1114112K
  class space    used 6768K, committed 7296K, reserved 1048576K
GC Heap History (20 events):
Event: 17.924 GC heap before
{Heap before GC invocations=467 (full 2):
 PSYoungGen      total 4608K, used 4352K [0x00000000d5580000, 0x00000000d5b00000, 0x0000000100000000)
  eden space 4096K, 100% used [0x00000000d5580000,0x00000000d5980000,0x00000000d5980000)
  from space 512K, 50% used [0x00000000d5a80000,0x00000000d5ac0000,0x00000000d5b00000)
  to   space 512K, 0% used [0x00000000d5a00000,0x00000000d5a00000,0x00000000d5a80000)
 ParOldGen       total 112128K, used 112083K [0x0000000080000000, 0x0000000086d80000, 0x00000000d5580000)
  object space 112128K, 99% used [0x0000000080000000,0x0000000086d74ec0,0x0000000086d80000)
 Metaspace       used 58217K, committed 59520K, reserved 1114112K
  class space    used 6759K, committed 7296K, reserved 1048576K
}
Event: 17.925 GC heap after
{Heap after GC invocations=467 (full 2):
 PSYoungGen      total 4608K, used 320K [0x00000000d5580000, 0x00000000d5b00000, 0x0000000100000000)
  eden space 4096K, 0% used [0x00000000d5580000,0x00000000d5580000,0x00000000d5980000)
  from space 512K, 62% used [0x00000000d5a00000,0x00000000d5a50000,0x00000000d5a80000)
  to   space 512K, 0% used [0x00000000d5a80000,0x00000000d5a80000,0x00000000d5b00000)
 ParOldGen       total 112640K, used 112171K [0x0000000080000000, 0x0000000086e00000, 0x00000000d5580000)
  object space 112640K, 99% used [0x0000000080000000,0x0000000086d8aec0,0x0000000086e00000)
 Metaspace       used 58217K, committed 59520K, reserved 1114112K
  class space    used 6759K, committed 7296K, reserved 1048576K
}
Event: 17.982 GC heap before
{Heap before GC invocations=468 (full 2):
 PSYoungGen      total 4608K, used 4416K [0x00000000d5580000, 0x00000000d5b00000, 0x0000000100000000)
  eden space 4096K, 100% used [0x00000000d5580000,0x00000000d5980000,0x00000000d5980000)
  from space 512K, 62% used [0x00000000d5a00000,0x00000000d5a50000,0x00000000d5a80000)
  to   space 512K, 0% used [0x00000000d5a80000,0x00000000d5a80000,0x00000000d5b00000)
 ParOldGen       total 112640K, used 112171K [0x0000000080000000, 0x0000000086e00000, 0x00000000d5580000)
  object space 112640K, 99% used [0x0000000080000000,0x0000000086d8aec0,0x0000000086e00000)
 Metaspace       used 58243K, committed 59520K, reserved 1114112K
  class space    used 6759K, committed 7296K, reserved 1048576K
}
Event: 17.983 GC heap after
{Heap after GC invocations=468 (full 2):
 PSYoungGen      total 4608K, used 352K [0x00000000d5580000, 0x00000000d5b00000, 0x0000000100000000)
  eden space 4096K, 0% used [0x00000000d5580000,0x00000000d5580000,0x00000000d5980000)
  from space 512K, 68% used [0x00000000d5a80000,0x00000000d5ad8000,0x00000000d5b00000)
  to   space 512K, 0% used [0x00000000d5a00000,0x00000000d5a00000,0x00000000d5a80000)
 ParOldGen       total 112640K, used 112226K [0x0000000080000000, 0x0000000086e00000, 0x00000000d5580000)
  object space 112640K, 99% used [0x0000000080000000,0x0000000086d98900,0x0000000086e00000)
 Metaspace       used 58243K, committed 59520K, reserved 1114112K
  class space    used 6759K, committed 7296K, reserved 1048576K
}
Event: 18.072 GC heap before
{Heap before GC invocations=469 (full 2):
 PSYoungGen      total 4608K, used 4448K [0x00000000d5580000, 0x00000000d5b00000, 0x0000000100000000)
  eden space 4096K, 100% used [0x00000000d5580000,0x00000000d5980000,0x00000000d5980000)
  from space 512K, 68% used [0x00000000d5a80000,0x00000000d5ad8000,0x00000000d5b00000)
  to   space 512K, 0% used [0x00000000d5a00000,0x00000000d5a00000,0x00000000d5a80000)
 ParOldGen       total 112640K, used 112226K [0x0000000080000000, 0x0000000086e00000, 0x00000000d5580000)
  object space 112640K, 99% used [0x0000000080000000,0x0000000086d98900,0x0000000086e00000)
 Metaspace       used 58272K, committed 59520K, reserved 1114112K
  class space    used 6759K, committed 7296K, reserved 1048576K
}
Event: 18.073 GC heap after
{Heap after GC invocations=469 (full 2):
 PSYoungGen      total 4608K, used 256K [0x00000000d5580000, 0x00000000d5b00000, 0x0000000100000000)
  eden space 4096K, 0% used [0x00000000d5580000,0x00000000d5580000,0x00000000d5980000)
  from space 512K, 50% used [0x00000000d5a00000,0x00000000d5a40000,0x00000000d5a80000)
  to   space 512K, 0% used [0x00000000d5a80000,0x00000000d5a80000,0x00000000d5b00000)
 ParOldGen       total 112640K, used 112288K [0x0000000080000000, 0x0000000086e00000, 0x00000000d5580000)
  object space 112640K, 99% used [0x0000000080000000,0x0000000086da8340,0x0000000086e00000)
 Metaspace       used 58272K, committed 59520K, reserved 1114112K
  class space    used 6759K, committed 7296K, reserved 1048576K
}
Event: 18.099 GC heap before
{Heap before GC invocations=470 (full 2):
 PSYoungGen      total 4608K, used 4352K [0x00000000d5580000, 0x00000000d5b00000, 0x0000000100000000)
  eden space 4096K, 100% used [0x00000000d5580000,0x00000000d5980000,0x00000000d5980000)
  from space 512K, 50% used [0x00000000d5a00000,0x00000000d5a40000,0x00000000d5a80000)
  to   space 512K, 0% used [0x00000000d5a80000,0x00000000d5a80000,0x00000000d5b00000)
 ParOldGen       total 112640K, used 112288K [0x0000000080000000, 0x0000000086e00000, 0x00000000d5580000)
  object space 112640K, 99% used [0x0000000080000000,0x0000000086da8340,0x0000000086e00000)
 Metaspace       used 58317K, committed 59584K, reserved 1114112K
  class space    used 6759K, committed 7296K, reserved 1048576K
}
Event: 18.100 GC heap after
{Heap after GC invocations=470 (full 2):
 PSYoungGen      total 4608K, used 160K [0x00000000d5580000, 0x00000000d5b00000, 0x0000000100000000)
  eden space 4096K, 0% used [0x00000000d5580000,0x00000000d5580000,0x00000000d5980000)
  from space 512K, 31% used [0x00000000d5a80000,0x00000000d5aa8000,0x00000000d5b00000)
  to   space 512K, 0% used [0x00000000d5a00000,0x00000000d5a00000,0x00000000d5a80000)
 ParOldGen       total 112640K, used 112328K [0x0000000080000000, 0x0000000086e00000, 0x00000000d5580000)
  object space 112640K, 99% used [0x0000000080000000,0x0000000086db2340,0x0000000086e00000)
 Metaspace       used 58317K, committed 59584K, reserved 1114112K
  class space    used 6759K, committed 7296K, reserved 1048576K
}
Event: 18.133 GC heap before
{Heap before GC invocations=471 (full 2):
 PSYoungGen      total 4608K, used 4255K [0x00000000d5580000, 0x00000000d5b00000, 0x0000000100000000)
  eden space 4096K, 99% used [0x00000000d5580000,0x00000000d597ffa8,0x00000000d5980000)
  from space 512K, 31% used [0x00000000d5a80000,0x00000000d5aa8000,0x00000000d5b00000)
  to   space 512K, 0% used [0x00000000d5a00000,0x00000000d5a00000,0x00000000d5a80000)
 ParOldGen       total 112640K, used 112328K [0x0000000080000000, 0x0000000086e00000, 0x00000000d5580000)
  object space 112640K, 99% used [0x0000000080000000,0x0000000086db2340,0x0000000086e00000)
 Metaspace       used 58385K, committed 59712K, reserved 1114112K
  class space    used 6768K, committed 7296K, reserved 1048576K
}
Event: 18.134 GC heap after
{Heap after GC invocations=471 (full 2):
 PSYoungGen      total 4608K, used 511K [0x00000000d5580000, 0x00000000d5b80000, 0x0000000100000000)
  eden space 4096K, 0% used [0x00000000d5580000,0x00000000d5580000,0x00000000d5980000)
  from space 512K, 99% used [0x00000000d5a00000,0x00000000d5a7fcb0,0x00000000d5a80000)
  to   space 1024K, 0% used [0x00000000d5a80000,0x00000000d5a80000,0x00000000d5b80000)
 ParOldGen       total 112640K, used 112607K [0x0000000080000000, 0x0000000086e00000, 0x00000000d5580000)
  object space 112640K, 99% used [0x0000000080000000,0x0000000086df7ff0,0x0000000086e00000)
 Metaspace       used 58385K, committed 59712K, reserved 1114112K
  class space    used 6768K, committed 7296K, reserved 1048576K
}
Event: 18.148 GC heap before
{Heap before GC invocations=472 (full 2):
 PSYoungGen      total 4608K, used 4607K [0x00000000d5580000, 0x00000000d5b80000, 0x0000000100000000)
  eden space 4096K, 100% used [0x00000000d5580000,0x00000000d5980000,0x00000000d5980000)
  from space 512K, 99% used [0x00000000d5a00000,0x00000000d5a7fcb0,0x00000000d5a80000)
  to   space 1024K, 0% used [0x00000000d5a80000,0x00000000d5a80000,0x00000000d5b80000)
 ParOldGen       total 112640K, used 112607K [0x0000000080000000, 0x0000000086e00000, 0x00000000d5580000)
  object space 112640K, 99% used [0x0000000080000000,0x0000000086df7ff0,0x0000000086e00000)
 Metaspace       used 58393K, committed 59712K, reserved 1114112K
  class space    used 6768K, committed 7296K, reserved 1048576K
}
Event: 18.150 GC heap after
{Heap after GC invocations=472 (full 2):
 PSYoungGen      total 1536K, used 1012K [0x00000000d5580000, 0x00000000d6280000, 0x0000000100000000)
  eden space 512K, 0% used [0x00000000d5580000,0x00000000d5580000,0x00000000d5600000)
  from space 1024K, 98% used [0x00000000d5a80000,0x00000000d5b7d0d0,0x00000000d5b80000)
  to   space 4608K, 0% used [0x00000000d5600000,0x00000000d5600000,0x00000000d5a80000)
 ParOldGen       total 115712K, used 115591K [0x0000000080000000, 0x0000000087100000, 0x00000000d5580000)
  object space 115712K, 99% used [0x0000000080000000,0x00000000870e1ca0,0x0000000087100000)
 Metaspace       used 58393K, committed 59712K, reserved 1114112K
  class space    used 6768K, committed 7296K, reserved 1048576K
}
Event: 18.152 GC heap before
{Heap before GC invocations=473 (full 2):
 PSYoungGen      total 1536K, used 1524K [0x00000000d5580000, 0x00000000d6280000, 0x0000000100000000)
  eden space 512K, 100% used [0x00000000d5580000,0x00000000d5600000,0x00000000d5600000)
  from space 1024K, 98% used [0x00000000d5a80000,0x00000000d5b7d0d0,0x00000000d5b80000)
  to   space 4608K, 0% used [0x00000000d5600000,0x00000000d5600000,0x00000000d5a80000)
 ParOldGen       total 115712K, used 115591K [0x0000000080000000, 0x0000000087100000, 0x00000000d5580000)
  object space 115712K, 99% used [0x0000000080000000,0x00000000870e1ca0,0x0000000087100000)
 Metaspace       used 58393K, committed 59712K, reserved 1114112K
  class space    used 6768K, committed 7296K, reserved 1048576K
}
Event: 18.153 GC heap after
{Heap after GC invocations=473 (full 2):
 PSYoungGen      total 1024K, used 384K [0x00000000d5580000, 0x00000000d5b00000, 0x0000000100000000)
  eden space 512K, 0% used [0x00000000d5580000,0x00000000d5580000,0x00000000d5600000)
  from space 512K, 75% used [0x00000000d5600000,0x00000000d5660000,0x00000000d5680000)
  to   space 2048K, 0% used [0x00000000d5900000,0x00000000d5900000,0x00000000d5b00000)
 ParOldGen       total 116736K, used 116635K [0x0000000080000000, 0x0000000087200000, 0x00000000d5580000)
  object space 116736K, 99% used [0x0000000080000000,0x00000000871e6d70,0x0000000087200000)
 Metaspace       used 58393K, committed 59712K, reserved 1114112K
  class space    used 6768K, committed 7296K, reserved 1048576K
}
Event: 18.154 GC heap before
{Heap before GC invocations=474 (full 2):
 PSYoungGen      total 1024K, used 895K [0x00000000d5580000, 0x00000000d5b00000, 0x0000000100000000)
  eden space 512K, 99% used [0x00000000d5580000,0x00000000d55fffc8,0x00000000d5600000)
  from space 512K, 75% used [0x00000000d5600000,0x00000000d5660000,0x00000000d5680000)
  to   space 2048K, 0% used [0x00000000d5900000,0x00000000d5900000,0x00000000d5b00000)
 ParOldGen       total 116736K, used 116635K [0x0000000080000000, 0x0000000087200000, 0x00000000d5580000)
  object space 116736K, 99% used [0x0000000080000000,0x00000000871e6d70,0x0000000087200000)
 Metaspace       used 58395K, committed 59712K, reserved 1114112K
  class space    used 6768K, committed 7296K, reserved 1048576K
}
Event: 18.156 GC heap after
{Heap after GC invocations=474 (full 2):
 PSYoungGen      total 1536K, used 480K [0x00000000d5580000, 0x00000000d5980000, 0x0000000100000000)
  eden space 1024K, 0% used [0x00000000d5580000,0x00000000d5580000,0x00000000d5680000)
  from space 512K, 93% used [0x00000000d5900000,0x00000000d5978000,0x00000000d5980000)
  to   space 1024K, 0% used [0x00000000d5780000,0x00000000d5780000,0x00000000d5880000)
 ParOldGen       total 117248K, used 117003K [0x0000000080000000, 0x0000000087280000, 0x00000000d5580000)
  object space 117248K, 99% used [0x0000000080000000,0x0000000087242d70,0x0000000087280000)
 Metaspace       used 58395K, committed 59712K, reserved 1114112K
  class space    used 6768K, committed 7296K, reserved 1048576K
}
Event: 18.158 GC heap before
{Heap before GC invocations=475 (full 2):
 PSYoungGen      total 1536K, used 1504K [0x00000000d5580000, 0x00000000d5980000, 0x0000000100000000)
  eden space 1024K, 100% used [0x00000000d5580000,0x00000000d5680000,0x00000000d5680000)
  from space 512K, 93% used [0x00000000d5900000,0x00000000d5978000,0x00000000d5980000)
  to   space 1024K, 0% used [0x00000000d5780000,0x00000000d5780000,0x00000000d5880000)
 ParOldGen       total 117248K, used 117003K [0x0000000080000000, 0x0000000087280000, 0x00000000d5580000)
  object space 117248K, 99% used [0x0000000080000000,0x0000000087242d70,0x0000000087280000)
 Metaspace       used 58396K, committed 59712K, reserved 1114112K
  class space    used 6768K, committed 7296K, reserved 1048576K
}
Event: 18.160 GC heap after
{Heap after GC invocations=475 (full 2):
 PSYoungGen      total 2560K, used 960K [0x00000000d5580000, 0x00000000d5a00000, 0x0000000100000000)
  eden space 1536K, 0% used [0x00000000d5580000,0x00000000d5580000,0x00000000d5700000)
  from space 1024K, 93% used [0x00000000d5780000,0x00000000d5870000,0x00000000d5880000)
  to   space 1536K, 0% used [0x00000000d5880000,0x00000000d5880000,0x00000000d5a00000)
 ParOldGen       total 117760K, used 117411K [0x0000000080000000, 0x0000000087300000, 0x00000000d5580000)
  object space 117760K, 99% used [0x0000000080000000,0x00000000872a8d70,0x0000000087300000)
 Metaspace       used 58396K, committed 59712K, reserved 1114112K
  class space    used 6768K, committed 7296K, reserved 1048576K
}
Event: 18.166 GC heap before
{Heap before GC invocations=476 (full 2):
 PSYoungGen      total 2560K, used 2496K [0x00000000d5580000, 0x00000000d5a00000, 0x0000000100000000)
  eden space 1536K, 100% used [0x00000000d5580000,0x00000000d5700000,0x00000000d5700000)
  from space 1024K, 93% used [0x00000000d5780000,0x00000000d5870000,0x00000000d5880000)
  to   space 1536K, 0% used [0x00000000d5880000,0x00000000d5880000,0x00000000d5a00000)
 ParOldGen       total 117760K, used 117411K [0x0000000080000000, 0x0000000087300000, 0x00000000d5580000)
  object space 117760K, 99% used [0x0000000080000000,0x00000000872a8d70,0x0000000087300000)
 Metaspace       used 58401K, committed 59712K, reserved 1114112K
  class space    used 6768K, committed 7296K, reserved 1048576K
}
Event: 18.169 GC heap after
{Heap after GC invocations=476 (full 2):
 PSYoungGen      total 3072K, used 960K [0x00000000d5580000, 0x00000000d5980000, 0x0000000100000000)
  eden space 2048K, 0% used [0x00000000d5580000,0x00000000d5580000,0x00000000d5780000)
  from space 1024K, 93% used [0x00000000d5880000,0x00000000d5970000,0x00000000d5980000)
  to   space 1024K, 0% used [0x00000000d5780000,0x00000000d5780000,0x00000000d5880000)
 ParOldGen       total 118272K, used 118243K [0x0000000080000000, 0x0000000087380000, 0x00000000d5580000)
  object space 118272K, 99% used [0x0000000080000000,0x0000000087378d70,0x0000000087380000)
 Metaspace       used 58401K, committed 59712K, reserved 1114112K
  class space    used 6768K, committed 7296K, reserved 1048576K
}

