# JRE version: Java(TM) SE Runtime Environment (17.0.12+8) (build 17.0.12+8-LTS-286)
# Java VM: Java HotSpot(TM) 64-Bit Server VM (17.0.12+8-LTS-286, mixed mode, sharing, tiered, compressed oops, compressed class ptrs, g1 gc, windows-amd64)
GC Precious Log:
 CPUs: 8 total, 8 available
 Memory: 7995M
 Large Page Support: Disabled
 NUMA Support: Disabled
 Compressed Oops: Enabled (32-bit)
 Heap Region Size: 1M
 Heap Min Capacity: 8M
 Heap Initial Capacity: 126M
 Heap Max Capacity: 2G
 Pre-touch: Disabled
 Parallel Workers: 8
 Concurrent Workers: 2
 Concurrent Refinement Workers: 8
 Periodic GC: Disabled
Heap:
 garbage-first heap   total 200704K, used 165684K [0x0000000080000000, 0x0000000100000000)
  region size 1024K, 27 young (27648K), 5 survivors (5120K)
 Metaspace       used 112503K, committed 113728K, reserved 557056K
  class space    used 15705K, committed 16256K, reserved 425984K
GC Heap History (20 events):
Event: 53.348 GC heap before
{Heap before GC invocations=44 (full 0):
 garbage-first heap   total 200704K, used 167394K [0x0000000080000000, 0x0000000100000000)
  region size 1024K, 49 young (50176K), 3 survivors (3072K)
 Metaspace       used 97186K, committed 98240K, reserved 557056K
  class space    used 13410K, committed 13888K, reserved 425984K
}
Event: 53.354 GC heap after
{Heap after GC invocations=45 (full 0):
 garbage-first heap   total 200704K, used 121187K [0x0000000080000000, 0x0000000100000000)
  region size 1024K, 4 young (4096K), 4 survivors (4096K)
 Metaspace       used 97186K, committed 98240K, reserved 557056K
  class space    used 13410K, committed 13888K, reserved 425984K
}
Event: 54.291 GC heap before
{Heap before GC invocations=45 (full 0):
 garbage-first heap   total 200704K, used 169315K [0x0000000080000000, 0x0000000100000000)
  region size 1024K, 51 young (52224K), 4 survivors (4096K)
 Metaspace       used 98680K, committed 99712K, reserved 557056K
  class space    used 13649K, committed 14144K, reserved 425984K
}
Event: 54.299 GC heap after
{Heap after GC invocations=46 (full 0):
 garbage-first heap   total 200704K, used 123859K [0x0000000080000000, 0x0000000100000000)
  region size 1024K, 7 young (7168K), 7 survivors (7168K)
 Metaspace       used 98680K, committed 99712K, reserved 557056K
  class space    used 13649K, committed 14144K, reserved 425984K
}
Event: 55.274 GC heap before
{Heap before GC invocations=46 (full 0):
 garbage-first heap   total 200704K, used 169939K [0x0000000080000000, 0x0000000100000000)
  region size 1024K, 52 young (53248K), 7 survivors (7168K)
 Metaspace       used 99603K, committed 100672K, reserved 557056K
  class space    used 13770K, committed 14272K, reserved 425984K
}
Event: 55.289 GC heap after
{Heap after GC invocations=47 (full 0):
 garbage-first heap   total 200704K, used 127276K [0x0000000080000000, 0x0000000100000000)
  region size 1024K, 7 young (7168K), 7 survivors (7168K)
 Metaspace       used 99603K, committed 100672K, reserved 557056K
  class space    used 13770K, committed 14272K, reserved 425984K
}
Event: 56.339 GC heap before
{Heap before GC invocations=47 (full 0):
 garbage-first heap   total 200704K, used 169260K [0x0000000080000000, 0x0000000100000000)
  region size 1024K, 48 young (49152K), 7 survivors (7168K)
 Metaspace       used 101991K, committed 103104K, reserved 557056K
  class space    used 14103K, committed 14656K, reserved 425984K
}
Event: 56.352 GC heap after
{Heap after GC invocations=48 (full 0):
 garbage-first heap   total 200704K, used 128909K [0x0000000080000000, 0x0000000100000000)
  region size 1024K, 2 young (2048K), 2 survivors (2048K)
 Metaspace       used 101991K, committed 103104K, reserved 557056K
  class space    used 14103K, committed 14656K, reserved 425984K
}
Event: 57.553 GC heap before
{Heap before GC invocations=48 (full 0):
 garbage-first heap   total 200704K, used 170893K [0x0000000080000000, 0x0000000100000000)
  region size 1024K, 43 young (44032K), 2 survivors (2048K)
 Metaspace       used 104724K, committed 105792K, reserved 557056K
  class space    used 14620K, committed 15104K, reserved 425984K
}
Event: 57.558 GC heap after
{Heap after GC invocations=49 (full 0):
 garbage-first heap   total 200704K, used 129481K [0x0000000080000000, 0x0000000100000000)
  region size 1024K, 3 young (3072K), 3 survivors (3072K)
 Metaspace       used 104724K, committed 105792K, reserved 557056K
  class space    used 14620K, committed 15104K, reserved 425984K
}
Event: 58.675 GC heap before
{Heap before GC invocations=49 (full 0):
 garbage-first heap   total 200704K, used 171465K [0x0000000080000000, 0x0000000100000000)
  region size 1024K, 44 young (45056K), 3 survivors (3072K)
 Metaspace       used 107189K, committed 108352K, reserved 557056K
  class space    used 14940K, committed 15488K, reserved 425984K
}
Event: 58.682 GC heap after
{Heap after GC invocations=50 (full 0):
 garbage-first heap   total 200704K, used 130543K [0x0000000080000000, 0x0000000100000000)
  region size 1024K, 4 young (4096K), 4 survivors (4096K)
 Metaspace       used 107189K, committed 108352K, reserved 557056K
  class space    used 14940K, committed 15488K, reserved 425984K
}
Event: 59.527 GC heap before
{Heap before GC invocations=50 (full 0):
 garbage-first heap   total 200704K, used 172527K [0x0000000080000000, 0x0000000100000000)
  region size 1024K, 45 young (46080K), 4 survivors (4096K)
 Metaspace       used 109405K, committed 110528K, reserved 557056K
  class space    used 15250K, committed 15808K, reserved 425984K
}
Event: 59.537 GC heap after
{Heap after GC invocations=51 (full 0):
 garbage-first heap   total 200704K, used 132386K [0x0000000080000000, 0x0000000100000000)
  region size 1024K, 5 young (5120K), 5 survivors (5120K)
 Metaspace       used 109405K, committed 110528K, reserved 557056K
  class space    used 15250K, committed 15808K, reserved 425984K
}
Event: 60.188 GC heap before
{Heap before GC invocations=51 (full 0):
 garbage-first heap   total 200704K, used 172322K [0x0000000080000000, 0x0000000100000000)
  region size 1024K, 44 young (45056K), 5 survivors (5120K)
 Metaspace       used 110475K, committed 111616K, reserved 557056K
  class space    used 15392K, committed 15936K, reserved 425984K
}
Event: 60.199 GC heap after
{Heap after GC invocations=52 (full 0):
 garbage-first heap   total 200704K, used 135594K [0x0000000080000000, 0x0000000100000000)
  region size 1024K, 6 young (6144K), 6 survivors (6144K)
 Metaspace       used 110475K, committed 111616K, reserved 557056K
  class space    used 15392K, committed 15936K, reserved 425984K
}
Event: 60.811 GC heap before
{Heap before GC invocations=52 (full 0):
 garbage-first heap   total 200704K, used 171434K [0x0000000080000000, 0x0000000100000000)
  region size 1024K, 42 young (43008K), 6 survivors (6144K)
 Metaspace       used 110982K, committed 112192K, reserved 557056K
  class space    used 15460K, committed 16000K, reserved 425984K
}
Event: 60.824 GC heap after
{Heap after GC invocations=53 (full 0):
 garbage-first heap   total 200704K, used 139935K [0x0000000080000000, 0x0000000100000000)
  region size 1024K, 5 young (5120K), 5 survivors (5120K)
 Metaspace       used 110982K, committed 112192K, reserved 557056K
  class space    used 15460K, committed 16000K, reserved 425984K
}
Event: 61.424 GC heap before
{Heap before GC invocations=53 (full 0):
 garbage-first heap   total 200704K, used 170655K [0x0000000080000000, 0x0000000100000000)
  region size 1024K, 36 young (36864K), 5 survivors (5120K)
 Metaspace       used 111867K, committed 113152K, reserved 557056K
  class space    used 15602K, committed 16192K, reserved 425984K
}
Event: 61.435 GC heap after
{Heap after GC invocations=54 (full 0):
 garbage-first heap   total 200704K, used 144180K [0x0000000080000000, 0x0000000100000000)
  region size 1024K, 5 young (5120K), 5 survivors (5120K)
 Metaspace       used 111867K, committed 113152K, reserved 557056K
  class space    used 15602K, committed 16192K, reserved 425984K
}

